2024-12-13 00:37:06   Build version: 2024.1 Release from 2023-10-16 (change 1181985)

2024-12-13 00:37:06   Starting adaptive port meshing.

                      ------------------------------------------------------------------------------
2024-12-13 00:37:06   Mode calculation for port 1:

                      ------------------------------------------------------------------------------
2024-12-13 00:37:06   

                      ------------------------------------------------------------------------------
2024-12-13 00:37:06   

                      ------------------------------------------------------------------------------
2024-12-13 00:37:08   Using Generalized port mode solver.

                      ------------------------------------------------------------------------------
2024-12-13 00:37:08   Using electric shielding for port 1.

                      ------------------------------------------------------------------------------
2024-12-13 00:37:08   Port mode solver: Detected dispersive material(s) at port 1. 
                      Using a constant approximation of dispersive material(s) at 24 GHz and neglecting loss terms.  More...

                      ------------------------------------------------------------------------------
2024-12-13 00:37:08     -------------------------------- F-Calc 24 ---------------------------------
                        Port   Mode   Type        Z-Wave        Z-Wave-Sigma  Z-Line        F-Cutoff
                        1      1      QTEM        237           3.72e-006     80.6          ---
                        ----------------------------------------------------------------------------

2024-12-13 00:37:09   Pass 1 successfully completed. 
2024-12-13 00:37:09   

                      ------------------------------------------------------------------------------
2024-12-13 00:37:09   

                      ------------------------------------------------------------------------------
2024-12-13 00:37:11     -------------------------------- F-Calc 24 ---------------------------------
                        Port   Mode   Type        Z-Wave        Z-Wave-Sigma  Z-Line        F-Cutoff
                        1      1      QTEM        270           0.000106      81.4          ---
                        ----------------------------------------------------------------------------

2024-12-13 00:37:11   Pass 2 successfully completed. Delta (Line Imp.): 0.96%
2024-12-13 00:37:11   

                      ------------------------------------------------------------------------------
2024-12-13 00:37:11   

                      ------------------------------------------------------------------------------
2024-12-13 00:37:13   *** Warning ***

2024-12-13 00:37:13   4 mesh edges are partially filled with PEC.
                       More...

                      ------------------------------------------------------------------------------
2024-12-13 00:37:13     -------------------------------- F-Calc 24 ---------------------------------
                        Port   Mode   Type        Z-Wave        Z-Wave-Sigma  Z-Line        F-Cutoff
                        1      1      QTEM        266           6.17e-006     80            ---
                        ----------------------------------------------------------------------------

2024-12-13 00:37:14   Pass 3 successfully completed. Delta (Line Imp.): 1.74%
2024-12-13 00:37:14   

                      ------------------------------------------------------------------------------
2024-12-13 00:37:14   

                      ------------------------------------------------------------------------------
2024-12-13 00:37:17     -------------------------------- F-Calc 24 ---------------------------------
                        Port   Mode   Type        Z-Wave        Z-Wave-Sigma  Z-Line        F-Cutoff
                        1      1      QTEM        297           2.65e-006     80.4          ---
                        ----------------------------------------------------------------------------

2024-12-13 00:37:18   Pass 4 successfully completed. Delta (Line Imp.): 0.48%
2024-12-13 00:37:18   Adaptive port meshing finished. 

                      ------------------------------------------------------------------------------
2024-12-13 00:37:18   The following farfield monitor(s) have been adjusted to model box [-4.21531,
                      4.21531, -3.21531, 3.44673, -0.135711, 1.91149]:
                        farfield (f=24.048).
                      For further information please check the page "Special Solver Parameters -
                      Solver" in the Online Help.

                      ------------------------------------------------------------------------------
2024-12-13 00:37:18   
                      Solver started at: 2024-12-13 00:37:18 +0000

                        Module:  Time Domain: S-Parameter (Win 64)
                        Version: 2024.1 Release from 2023-10-16 (change 1181985)

2024-12-13 00:37:18   

                      ------------------------------------------------------------------------------
2024-12-13 00:37:18   

                      ------------------------------------------------------------------------------
2024-12-13 00:37:18   ======================================================================
                       Solver cycle: 1
                      ======================================================================

                      Stimulation at port 1 (mode 1) 



                      ------------------------------------------------------------------------------
2024-12-13 00:37:18   Units settings: 

                        Dimensions: mm
                        Frequency:  GHz
                        Time:       ns

                      ------------------------------------------------------------------------------
2024-12-13 00:37:18   The dispersive material update [Automatic] will be performed using the "Standard" update schema

                      ------------------------------------------------------------------------------
2024-12-13 00:37:25   Mesh statistics:

                         Hexahedral mesh type: Perfect Boundary Approximation (PBA)
                            Version: default

                         Parallelization type: domain decomposition
                            Number of parallel working threads: 4
                            Number of calculation domains used: 4

                         Used point accuracy enhancement value: 75.00%.
                         Acceleration mode: CPU
                         Used point accuracy enhancement value: 35.00%.
                         PBA fill limit: 98.63% (inverse)
                         Used point accuracy enhancement value: 0.00%.
                         PBA fill limit: 97.51% (inverse)
                         PBA fill limit: 93.96% (inverse)
                         PBA fill limit: 87.43% (inverse)
                         Used point accuracy enhancement value: 33.00%.
                         PBA fill limit: 97.32% (inverse)
                         PBA fill limit: 87.24% (inverse)
                         PBA fill limit: 85.00% (inverse)

2024-12-13 00:37:25   Using Generalized port mode solver.

                      ------------------------------------------------------------------------------
2024-12-13 00:37:25   Using electric shielding for port 1.

                      ------------------------------------------------------------------------------
2024-12-13 00:37:25   Port mode solver: Detected dispersive material(s) at port 1. 
                      Using a constant approximation of dispersive material(s) at 24 GHz and neglecting loss terms.  More...

                      ------------------------------------------------------------------------------
2024-12-13 00:37:26   Boundary conditions: 

                        YZsymmetry: none
                        XZsymmetry: none
                        XYsymmetry: none

                        Xmin: expanded open, 4 Layer, depth 2.34639 mm
                        Xmax: expanded open, 4 Layer, depth 2.34639 mm

                        Ymin: expanded open, 4 Layer, depth 2.34639 mm
                        Ymax: expanded open, 4 Layer, depth 2.12792 mm

                        Zmin: expanded open, 4 Layer, depth 2.4325 mm
                        Zmax: expanded open, 4 Layer, depth 2.12763 mm

                        PML-Type: Convolution PML

                      ------------------------------------------------------------------------------
2024-12-13 00:37:26   Frequency settings: 

                        Fmin:         16
                        Fmax:         32
                        Nfsteps(lin): 1001

                      ------------------------------------------------------------------------------
2024-12-13 00:37:26   Field update statistics:

                        Number of components in total: 	893823
                        Number of TST and special elements:	549
                        Number of disp. elements:		28711

                      Subcycling state:      			Automatically deactivated

                      ------------------------------------------------------------------------------
2024-12-13 00:37:26   Waveguide boundaries:

2024-12-13 00:37:26   Port: 1

2024-12-13 00:37:26     -------------------------------- F-Calc 24 ---------------------------------
                        Port   Mode   Type        Z-Wave        Z-Wave-Sigma  Z-Line        F-Cutoff
                        1      1      QTEM        237           3.72e-006     80.4          ---
                        ----------------------------------------------------------------------------

2024-12-13 00:37:26   Using standard absorber for unconsidered modes at port 1.

                      ------------------------------------------------------------------------------
2024-12-13 00:37:33   
                      --------------------------------------------------------------------------------
2024-12-13 00:37:33   Steady state energy criterion met, solver finished successfully.

                      ------------------------------------------------------------------------------
2024-12-13 00:37:33   Frequency domain results normalized to default signal.


                      ------------------------------------------------------------------------------
2024-12-13 00:37:33   
                        ----------------------------------------------------------------------------
                                            Peak memory used (kB)         Free physical memory (kB) 
                                                                          At begin     Minimum      
                        ----------------------------------------------------------------------------
                        Matrices calc.      165876                        51698242     51694335     
                        Solver run total    200836                        51941924     51729592     
                        ----------------------------------------------------------------------------

                      --------------------------------------------------------------------------------
                      Solver Statistics:

                        Hardware:
                           Computer name:                 	RawW-Lap-4090 

                           Number of CPU threads:               8
                           Hardware info:                  	Hardware Accelerator Device not activated

                        Number of mesh cells:             	144420
                        Excitation duration:              	4.44318594e-001 ns 
                        Calculation time for excitation:  	3 	s
                        Number of calculated pulse widths:	1.85645 
                        Steady state accuracy limit:      	-40	dB 
                        Simulated number of time steps:   	6480 
                        Maximum number of time steps:     	69810 
                        Time step width:
                           without subcycles:             	1.272924230e-004 ns
                           used:                          	1.272924230e-004 ns

                        Matrix calculation time:          	6 	s
                        Solver setup time:                	2 	s
                        Solver loop time:                 	5 	s
                        Solver post-processing time:      	0 	s
                                                          	------------
                        Total solver time:                	13 	s

                      ------------------------------------------------------------------------------
2024-12-13 00:37:33   
                        Adaptive port meshing time:          	12     	s
                        Total solver time (all cycles):      	13     	s
                        Solver initialization and clean-up:  	1      	s
                                                             	------------
                        Total simulation time:               	26     	s

                      ------------------------------------------------------------------------------
2024-12-13 00:37:33   Solver finished at: 2024-12-13 00:37:33 +0000



                      ------------------------------------------------------------------------------
2024-12-13 00:37:35   Creating parametric 1D results for Run ID 7

                      ------------------------------------------------------------------------------
