----------------------------------------------------------------------
Mesh Adaptation Pass: 1
----------------------------------------------------------------------
Boundary conditions: 

  YZsymmetry: none
  XZsymmetry: none
  XYsymmetry: none

  Xmin: expanded open, 4 Layer, depth 2.31297 mm
  Xmax: expanded open, 4 Layer, depth 2.31297 mm

  Ymin: expanded open, 4 Layer, depth 2.31297 mm
  Ymax: expanded open, 4 Layer, depth 2.10248 mm

  Zmin: expanded open, 4 Layer, depth 2.3948 mm
  Zmax: expanded open, 4 Layer, depth 2.1012 mm

  PML-Type: Convolution PML
----------------------------------------------------------------------
----------------------------------------------------------------------
Mesh Adaptation Pass: 2
----------------------------------------------------------------------
Boundary conditions: 

  YZsymmetry: none
  XZsymmetry: none
  XYsymmetry: none

  Xmin: expanded open, 4 Layer, depth 2.31297 mm
  Xmax: expanded open, 4 Layer, depth 2.31297 mm

  Ymin: expanded open, 4 Layer, depth 2.31297 mm
  Ymax: expanded open, 4 Layer, depth 2.10248 mm

  Zmin: expanded open, 4 Layer, depth 2.3948 mm
  Zmax: expanded open, 4 Layer, depth 2.1012 mm

  PML-Type: Convolution PML
----------------------------------------------------------------------
----------------------------------------------------------------------
Mesh Adaptation Pass: 3
----------------------------------------------------------------------
Boundary conditions: 

  YZsymmetry: none
  XZsymmetry: none
  XYsymmetry: none

  Xmin: expanded open, 4 Layer, depth 2.31297 mm
  Xmax: expanded open, 4 Layer, depth 2.31297 mm

  Ymin: expanded open, 4 Layer, depth 2.31297 mm
  Ymax: expanded open, 4 Layer, depth 2.10248 mm

  Zmin: expanded open, 4 Layer, depth 2.3948 mm
  Zmax: expanded open, 4 Layer, depth 1.0506 mm

  PML-Type: Convolution PML
----------------------------------------------------------------------
----------------------------------------------------------------------
Mesh Adaptation Pass: 4
----------------------------------------------------------------------
Boundary conditions: 

  YZsymmetry: none
  XZsymmetry: none
  XYsymmetry: none

  Xmin: expanded open, 4 Layer, depth 2.31297 mm
  Xmax: expanded open, 4 Layer, depth 2.31297 mm

  Ymin: expanded open, 4 Layer, depth 1.15649 mm
  Ymax: expanded open, 4 Layer, depth 2.10248 mm

  Zmin: expanded open, 4 Layer, depth 2.3948 mm
  Zmax: expanded open, 4 Layer, depth 1.0506 mm

  PML-Type: Convolution PML
----------------------------------------------------------------------
----------------------------------------------------------------------
Mesh Adaptation Pass: 5
----------------------------------------------------------------------
Boundary conditions: 

  YZsymmetry: none
  XZsymmetry: none
  XYsymmetry: none

  Xmin: expanded open, 4 Layer, depth 1.15649 mm
  Xmax: expanded open, 4 Layer, depth 1.15649 mm

  Ymin: expanded open, 4 Layer, depth 1.15649 mm
  Ymax: expanded open, 4 Layer, depth 1.05124 mm

  Zmin: expanded open, 4 Layer, depth 2.3948 mm
  Zmax: expanded open, 4 Layer, depth 1.0506 mm

  PML-Type: Convolution PML
----------------------------------------------------------------------
