2024-11-11 05:07:59   *** Warning ***

                      This software is licensed for personal and educational purposes only.

                      ------------------------------------------------------------------------------
2024-11-11 05:07:59   Units settings: 

                        Dimensions: mm
                        Frequency:  GHz
                        Time:       ns

                      ------------------------------------------------------------------------------
2024-11-11 05:07:59   Boundary conditions: 

                        YZsymmetry: none
                        XZsymmetry: none
                        XYsymmetry: none

                        Xmin: expanded open
                        Xmax: expanded open

                        Ymin: expanded open
                        Ymax: expanded open

                        Zmin: expanded open
                        Zmax: expanded open

                      ------------------------------------------------------------------------------
2024-11-11 05:07:59   Order settings: 

                        Solver order   : 2nd (constant)
                        Curved elements: up to order 3 (automatic)

                      ------------------------------------------------------------------------------
2024-11-11 05:07:59   An iterative solver will be used first.

                      ------------------------------------------------------------------------------
2024-11-11 05:07:59     Mesh time                :	2 s


                      ------------------------------------------------------------------------------
2024-11-11 05:07:59   
                      ================================================================================
                      Frequency Domain Solver calculation cycle started

                      ------------------------------------------------------------------------------
2024-11-11 05:07:59   Solver started at: 2024-11-11 05:07:59 +0000

                        Module:  Frequency Domain: S-Parameter (Win 64)
                        Version: 2024.4 Release from 2024-04-30 (change 1266454)

                      ------------------------------------------------------------------------------
2024-11-11 05:07:59     Calculation 1 of 1 (Frequency: 2 GHz)


                      ------------------------------------------------------------------------------
2024-11-11 05:08:01   All discrete face ports are using a numerically calculated field, regardless of the port's shape.

                      ------------------------------------------------------------------------------
2024-11-11 05:08:01   The wavelength based mesh refinement has been applied to 4.5% of all mesh edges.

                      ------------------------------------------------------------------------------
2024-11-11 05:08:01   Adaptive mesh refinement pass 1

                      ------------------------------------------------------------------------------
2024-11-11 05:08:01     Matrix setup time        :	0 s
                        Degrees of freedom       :	35602
                        Number of mesh cells     :	5695

                        Stimulation port         :	1
                        Accuracy                 :	5.72948e-05
                        Iterations               :	19
                        Solver time              :	0 s


                      ------------------------------------------------------------------------------
2024-11-11 05:08:01   12% of all mesh edges seem to be longer than expected. The adaptive mesh refinement's growth limitation will therefore 
                      use 10037 instead of 4047 mesh cells as a reference.

                      ------------------------------------------------------------------------------
2024-11-11 05:08:02   The wavelength based mesh refinement has been applied to 0.2% of all mesh edges.

                      ------------------------------------------------------------------------------
2024-11-11 05:08:02   Adaptive mesh refinement pass 2

                      ------------------------------------------------------------------------------
2024-11-11 05:08:02     Matrix setup time        :	0 s
                        Degrees of freedom       :	40028
                        Number of mesh cells     :	6384

                        Stimulation port         :	1
                        Accuracy                 :	4.80854e-05
                        Iterations               :	17
                        Solver time              :	0 s


                      ------------------------------------------------------------------------------
2024-11-11 05:08:03     Delta calculation        
2024-11-11 05:08:03     All S-Parameters         :	0.0122964
2024-11-11 05:08:03   

                      ------------------------------------------------------------------------------
2024-11-11 05:08:03   Adaptive mesh refinement pass 3

                      ------------------------------------------------------------------------------
2024-11-11 05:08:04     Matrix setup time        :	0 s
                        Degrees of freedom       :	51460
                        Number of mesh cells     :	8188

                        Stimulation port         :	1
                        Accuracy                 :	4.97391e-05
                        Iterations               :	18
                        Solver time              :	0 s


                      ------------------------------------------------------------------------------
2024-11-11 05:08:04     Delta calculation        
2024-11-11 05:08:04     All S-Parameters         :	0.00834132
2024-11-11 05:08:04   

                      ------------------------------------------------------------------------------
2024-11-11 05:08:04   Mesh adaptation terminated because the desired accuracy limit is reached.

                      ------------------------------------------------------------------------------
2024-11-11 05:08:04     Total time               :	4 s

                      ------------------------------------------------------------------------------
2024-11-11 05:08:04   

                      ------------------------------------------------------------------------------
2024-11-11 05:08:04   Unable to use "EvaluateHFieldOnSIBC" due to model setup.

                      ------------------------------------------------------------------------------
2024-11-11 05:08:04     Calculation 2 (Frequency: 1 GHz)


                      ------------------------------------------------------------------------------
2024-11-11 05:08:04     Matrix setup time        :	0 s
                        Degrees of freedom       :	51460
                        Number of mesh cells     :	8188

                        Stimulation port         :	1
                        Accuracy                 :	6.03087e-05
                        Iterations               :	13
                        Solver time              :	0 s


                      ------------------------------------------------------------------------------
2024-11-11 05:08:04     Total time               :	0 s

                      ------------------------------------------------------------------------------
2024-11-11 05:08:04   

                      ------------------------------------------------------------------------------
2024-11-11 05:08:04     Calculation 3 (Frequency: 1.221 GHz)


                      ------------------------------------------------------------------------------
2024-11-11 05:08:04     Matrix setup time        :	0 s
                        Degrees of freedom       :	51460
                        Number of mesh cells     :	8188

                        Stimulation port         :	1
                        Accuracy                 :	8.57264e-05
                        Iterations               :	12
                        Solver time              :	0 s


                      ------------------------------------------------------------------------------
2024-11-11 05:08:04     Total time               :	0 s

                      ------------------------------------------------------------------------------
2024-11-11 05:08:04   

                      ------------------------------------------------------------------------------
2024-11-11 05:08:04     Calculation 4 (Frequency: 1.6105 GHz)


                      ------------------------------------------------------------------------------
2024-11-11 05:08:05     Matrix setup time        :	0 s
                        Degrees of freedom       :	51460
                        Number of mesh cells     :	8188

                        Stimulation port         :	1
                        Accuracy                 :	8.04038e-05
                        Iterations               :	8
                        Solver time              :	0 s


                      ------------------------------------------------------------------------------
2024-11-11 05:08:05     Total time               :	0 s

                      ------------------------------------------------------------------------------
2024-11-11 05:08:05   

                      ------------------------------------------------------------------------------
2024-11-11 05:08:05     Calculation 5 (Frequency: 1.125 GHz)


                      ------------------------------------------------------------------------------
2024-11-11 05:08:05     Matrix setup time        :	0 s
                        Degrees of freedom       :	51460
                        Number of mesh cells     :	8188

                        Stimulation port         :	1
                        Accuracy                 :	5.58534e-05
                        Iterations               :	5
                        Solver time              :	0 s


                      ------------------------------------------------------------------------------
2024-11-11 05:08:05     Total time               :	0 s

                      ------------------------------------------------------------------------------
2024-11-11 05:08:05   

                      ------------------------------------------------------------------------------
2024-11-11 05:08:05     Calculation 6 (Frequency: 1.368 GHz)


                      ------------------------------------------------------------------------------
2024-11-11 05:08:05     Matrix setup time        :	0 s
                        Degrees of freedom       :	51460
                        Number of mesh cells     :	8188

                        Stimulation port         :	1
                        Accuracy                 :	2.75828e-05
                        Iterations               :	5
                        Solver time              :	0 s


                      ------------------------------------------------------------------------------
2024-11-11 05:08:05     Total time               :	0 s

                      ------------------------------------------------------------------------------
2024-11-11 05:08:05   

                      ------------------------------------------------------------------------------
2024-11-11 05:08:05   Finished the general purpose interpolative broadband frequency sweep:
                      All broadband sweep convergence criteria have been satisfied after
                      calculating 6 frequency samples:

                        Broadband sweep error threshold value :  0.01 (All S-Parameters) 
                        Number of error criterion checks      :  2 (All S-Parameters) 
                        Minimum number of samples             :  3
                        Number of data samples, linear        :  1001

                      ------------------------------------------------------------------------------
2024-11-11 05:08:05     Number of mesh cells     :	8188
                        Degrees of freedom       :	51460
                        Total Solver Time        :	7 s
                      ================================================================================



                      ------------------------------------------------------------------------------
2024-11-11 05:08:05   Calculating remaining monitors.

                      ------------------------------------------------------------------------------
2024-11-11 05:08:05     ----------------------------------------------------------------------------
                                            Peak memory used (kB)         Free physical memory (kB) 
                                                                          At begin     Minimum      
                        ----------------------------------------------------------------------------
                        Solver start        22328                         16641428     16641428     
                        Eq. system setup    305816                        16612896     16562852     
                        Eq. system solve    323212                        16562840     16510844     
                        Mesh refinement     186212                        16528332     16528084     
                        Solver run total    323212                        16641432     16641432     

                        Computer name       Valder-Lap-4070
                        ----------------------------------------------------------------------------


                      ------------------------------------------------------------------------------
2024-11-11 05:08:05   Running postprocessing.

                      ------------------------------------------------------------------------------
2024-11-11 05:08:08   Postprocessing finished.

                      ------------------------------------------------------------------------------
2024-11-11 05:08:08   Creating parametric 1D results for Run ID 1

                      ------------------------------------------------------------------------------
