Unknown:
C:\Users\Swq\Projects\EEEV_121\lab2\Result\farfield (f=1)_1.fme
C:\Users\Swq\Projects\EEEV_121\lab2\Result\farfield (f=2)_1.fme
C:\Users\Swq\Projects\EEEV_121\lab2\Result\farfield (f=mini)_1.fme
C:\Users\Swq\Projects\EEEV_121\lab2\Result\hardware_resources.sconf
C:\Users\Swq\Projects\EEEV_121\lab2\Result\ml_info.log
C:\Users\Swq\Projects\EEEV_121\lab2\Result\Model.log
C:\Users\Swq\Projects\EEEV_121\lab2\Result\Model.sa
C:\Users\Swq\Projects\EEEV_121\lab2\Result\SolCoef(#0000)_1(1).scf
C:\Users\Swq\Projects\EEEV_121\lab2\Result\SolCoef(#0001)_1(1).scf
C:\Users\Swq\Projects\EEEV_121\lab2\Result\SolCoef(#0002)_1(1).scf
Mesh:
C:\Users\Swq\Projects\EEEV_121\lab2\Result\3do.slim
C:\Users\Swq\Projects\EEEV_121\lab2\Result\log.tet
C:\Users\Swq\Projects\EEEV_121\lab2\Result\Mesh_Input.Entities2Mesh.tet
C:\Users\Swq\Projects\EEEV_121\lab2\Result\Mesh_Input.Options.tet
C:\Users\Swq\Projects\EEEV_121\lab2\Result\Mesh_Input.QuasiModel.tet
C:\Users\Swq\Projects\EEEV_121\lab2\Result\Mesh_Output.QuasiModel.tet
C:\Users\Swq\Projects\EEEV_121\lab2\Result\Mesh_Output.U2F.tet
C:\Users\Swq\Projects\EEEV_121\lab2\Result\mir.tet
C:\Users\Swq\Projects\EEEV_121\lab2\Result\moegeom.tet
C:\Users\Swq\Projects\EEEV_121\lab2\Result\Port1.slim
C:\Users\Swq\Projects\EEEV_121\lab2\Result\refinementparents.tet
C:\Users\Swq\Projects\EEEV_121\lab2\Result\reftags.tet
C:\Users\Swq\Projects\EEEV_121\lab2\Result\tetquality.tet
C:\Users\Swq\Projects\EEEV_121\lab2\Result\topot.tet
Port:
C:\Users\Swq\Projects\EEEV_121\lab2\Result\Model.pmi
