2024-12-12 16:30:03   Build version: 2024.1 Release from 2023-10-16 (change 1181985)

2024-12-12 16:30:03   Starting adaptive port meshing.

                      ------------------------------------------------------------------------------
2024-12-12 16:30:03   Mode calculation for port 1:

                      ------------------------------------------------------------------------------
2024-12-12 16:30:04   

                      ------------------------------------------------------------------------------
2024-12-12 16:30:04   

                      ------------------------------------------------------------------------------
2024-12-12 16:30:05   Using Generalized port mode solver.

                      ------------------------------------------------------------------------------
2024-12-12 16:30:05   Using electric shielding for port 1.

                      ------------------------------------------------------------------------------
2024-12-12 16:30:06   Port mode solver: Detected dispersive material(s) at port 1. 
                      Using a constant approximation of dispersive material(s) at 24 GHz and neglecting loss terms.  More...

                      ------------------------------------------------------------------------------
2024-12-12 16:30:06     -------------------------------- F-Calc 24 ---------------------------------
                        Port   Mode   Type        Z-Wave        Z-Wave-Sigma  Z-Line        F-Cutoff
                        1      1      QTEM        237           3.49e-006     80.6          ---
                        ----------------------------------------------------------------------------

2024-12-12 16:30:07   Pass 1 successfully completed. 
2024-12-12 16:30:07   

                      ------------------------------------------------------------------------------
2024-12-12 16:30:07   

                      ------------------------------------------------------------------------------
2024-12-12 16:30:10     -------------------------------- F-Calc 24 ---------------------------------
                        Port   Mode   Type        Z-Wave        Z-Wave-Sigma  Z-Line        F-Cutoff
                        1      1      QTEM        270           9.65e-005     81.4          ---
                        ----------------------------------------------------------------------------

2024-12-12 16:30:11   Pass 2 successfully completed. Delta (Line Imp.): 1.02%
2024-12-12 16:30:11   

                      ------------------------------------------------------------------------------
2024-12-12 16:30:11   

                      ------------------------------------------------------------------------------
2024-12-12 16:30:13   *** Warning ***

2024-12-12 16:30:13   4 mesh edges are partially filled with PEC.
                       More...

                      ------------------------------------------------------------------------------
2024-12-12 16:30:14     -------------------------------- F-Calc 24 ---------------------------------
                        Port   Mode   Type        Z-Wave        Z-Wave-Sigma  Z-Line        F-Cutoff
                        1      1      QTEM        266           7.67e-006     80            ---
                        ----------------------------------------------------------------------------

2024-12-12 16:30:15   Pass 3 successfully completed. Delta (Line Imp.): 1.79%
2024-12-12 16:30:15   

                      ------------------------------------------------------------------------------
2024-12-12 16:30:15   

                      ------------------------------------------------------------------------------
2024-12-12 16:30:20     -------------------------------- F-Calc 24 ---------------------------------
                        Port   Mode   Type        Z-Wave        Z-Wave-Sigma  Z-Line        F-Cutoff
                        1      1      QTEM        297           1.28e-005     80.4          ---
                        ----------------------------------------------------------------------------

2024-12-12 16:30:20   Pass 4 successfully completed. Delta (Line Imp.): 0.49%
2024-12-12 16:30:20   Adaptive port meshing finished. 

                      ------------------------------------------------------------------------------
2024-12-12 16:30:21   The following farfield monitor(s) have been adjusted to model box [-4.26955,
                      4.26955, -3.21909, 3.45217, -0.13951, 1.91786]:
                        farfield (f=24.048).
                      For further information please check the page "Special Solver Parameters -
                      Solver" in the Online Help.

                      ------------------------------------------------------------------------------
2024-12-12 16:30:21   
                      Solver started at: 2024-12-12 16:30:21 +0000

                        Module:  Time Domain: S-Parameter (Win 64)
                        Version: 2024.1 Release from 2023-10-16 (change 1181985)

2024-12-12 16:30:21   

                      ------------------------------------------------------------------------------
2024-12-12 16:30:21   

                      ------------------------------------------------------------------------------
2024-12-12 16:30:21   ======================================================================
                       Solver cycle: 1
                      ======================================================================

                      Stimulation at port 1 (mode 1) 



                      ------------------------------------------------------------------------------
2024-12-12 16:30:21   Units settings: 

                        Dimensions: mm
                        Frequency:  GHz
                        Time:       ns

                      ------------------------------------------------------------------------------
2024-12-12 16:30:21   The dispersive material update [Automatic] will be performed using the "Standard" update schema

                      ------------------------------------------------------------------------------
2024-12-12 16:30:30   Mesh statistics:

                         Hexahedral mesh type: Perfect Boundary Approximation (PBA)
                            Version: default

                         Parallelization type: domain decomposition
                            Number of parallel working threads: 4
                            Number of calculation domains used: 4

2024-12-12 16:28:11      current system memory usage reached 55%
                         Used point accuracy enhancement value: 75.00%.
                         Acceleration mode: CPU
2024-12-12 16:28:15      current system memory usage reached 55%
2024-12-12 16:28:19      current system memory usage reached 55%
                         Used point accuracy enhancement value: 0.00%.
                         PBA fill limit: 97.32% (inverse)
2024-12-12 16:29:08      current system memory usage reached 55%
2024-12-12 16:29:13      current system memory usage reached 55%
2024-12-12 16:29:18      current system memory usage reached 55%
                         Used point accuracy enhancement value: 33.00%.
                         PBA fill limit: 98.63% (inverse)

2024-12-12 16:30:31   Using Generalized port mode solver.

                      ------------------------------------------------------------------------------
2024-12-12 16:30:31   Using electric shielding for port 1.

                      ------------------------------------------------------------------------------
2024-12-12 16:30:32   Port mode solver: Detected dispersive material(s) at port 1. 
                      Using a constant approximation of dispersive material(s) at 24 GHz and neglecting loss terms.  More...

                      ------------------------------------------------------------------------------
2024-12-12 16:30:32   Boundary conditions: 

                        YZsymmetry: none
                        XZsymmetry: none
                        XYsymmetry: none

                        Xmin: expanded open, 4 Layer, depth 2.31297 mm
                        Xmax: expanded open, 4 Layer, depth 2.31297 mm

                        Ymin: expanded open, 4 Layer, depth 2.31297 mm
                        Ymax: expanded open, 4 Layer, depth 2.10248 mm

                        Zmin: expanded open, 4 Layer, depth 2.3948 mm
                        Zmax: expanded open, 4 Layer, depth 2.1012 mm

                        PML-Type: Convolution PML

                      ------------------------------------------------------------------------------
2024-12-12 16:30:32   Frequency settings: 

                        Fmin:         16
                        Fmax:         32
                        Nfsteps(lin): 1001

                      ------------------------------------------------------------------------------
2024-12-12 16:30:32   Field update statistics:

                        Number of components in total: 	915233
                        Number of TST and special elements:	549
                        Number of disp. elements:		29613

                      Subcycling state:      			Automatically deactivated

                      ------------------------------------------------------------------------------
2024-12-12 16:30:32   Waveguide boundaries:

2024-12-12 16:30:32   Port: 1

2024-12-12 16:30:32     -------------------------------- F-Calc 24 ---------------------------------
                        Port   Mode   Type        Z-Wave        Z-Wave-Sigma  Z-Line        F-Cutoff
                        1      1      QTEM        237           3.49e-006     80.4          ---
                        ----------------------------------------------------------------------------

2024-12-12 16:30:33   Using standard absorber for unconsidered modes at port 1.

                      ------------------------------------------------------------------------------
2024-12-12 16:30:43   
                      --------------------------------------------------------------------------------
2024-12-12 16:30:43   Steady state energy criterion met, solver finished successfully.

                      ------------------------------------------------------------------------------
2024-12-12 16:30:43   Frequency domain results normalized to default signal.


                      ------------------------------------------------------------------------------
2024-12-12 16:30:43   
                        ----------------------------------------------------------------------------
                                            Peak memory used (kB)         Free physical memory (kB) 
                                                                          At begin     Minimum      
                        ----------------------------------------------------------------------------
                        CAD preparation     17032                         29103860     29103860     
                        Matrices calc.      174273                        28912109     28867187     
                        Solver run total    229212                        29135316     28847992     
                        ----------------------------------------------------------------------------

                      --------------------------------------------------------------------------------
                      Solver Statistics:

                        Hardware:
                           Computer name:                 	RawW-Lap-4090 

                           Number of CPU threads:               8
                           Hardware info:                  	Hardware Accelerator Device not activated

                        Number of mesh cells:             	147900
                        Excitation duration:              	4.44318594e-001 ns 
                        Calculation time for excitation:  	4 	s
                        Number of calculated pulse widths:	1.85178 
                        Steady state accuracy limit:      	-40	dB 
                        Simulated number of time steps:   	6399 
                        Maximum number of time steps:     	69112 
                        Time step width:
                           without subcycles:             	1.285792403e-004 ns
                           used:                          	1.285792403e-004 ns

                        CAD preparation time:             	0      	s
                        Matrix calculation time:          	9 	s
                        Solver setup time:                	3 	s
                        Solver loop time:                 	8 	s
                        Solver post-processing time:      	1 	s
                                                          	------------
                        Total solver time:                	21 	s

                      ------------------------------------------------------------------------------
2024-12-12 16:30:44   
                        Adaptive port meshing time:          	17     	s
                        Total solver time (all cycles):      	21     	s
                        Solver initialization and clean-up:  	1      	s
                                                             	------------
                        Total simulation time:               	39     	s

                      ------------------------------------------------------------------------------
2024-12-12 16:30:44   Solver finished at: 2024-12-12 16:30:44 +0000



                      ------------------------------------------------------------------------------
2024-12-12 16:30:46   Creating parametric 1D results for Run ID 1

                      ------------------------------------------------------------------------------
