==========================================================================================================================
 - hardware info
   + cpu name                    : 13th Gen Intel(R) Core(TM) i9-13900HX
   + sockets                     : 1
   + cores per socket            : 8
   + hyperthreading              : on
   + ht-units                    : 2
   + efficiency cores            : 16, not used
   + max cpuid level             : 32
   + max cpuid ext. level        : 8
   + numa nodes                  : 1
   + internal cpu info           : CPUID: selected engine is 'Leaf 0xB detection'
performance cores:
apic ids           : 0, 1, 8, 9, 16, 17, 24, 25, 32, 33, 40, 41, 48, 49, 56, 57
apic ids (fallback): 0, 1, 8, 9, 16, 17, 24, 25, 32, 33, 40, 41, 48, 49, 56, 57
from cpu registers: 0, 1, 8, 9, 16, 17, 24, 25, 32, 33, 40, 41, 48, 49, 56, 57
fallback: 0, 1, 8, 9, 16, 17, 24, 25, 32, 33, 40, 41, 48, 49, 56, 57
combined: 0, 1, 8, 9, 16, 17, 24, 25, 32, 33, 40, 41, 48, 49, 56, 57
core 0 type: Intel Core
core 1 type: Intel Core
core 2 type: Intel Core
core 3 type: Intel Core
core 4 type: Intel Core
core 5 type: Intel Core
core 6 type: Intel Core
core 7 type: Intel Core
core 8 type: Intel Core
core 9 type: Intel Core
core 10 type: Intel Core
core 11 type: Intel Core
core 12 type: Intel Core
core 13 type: Intel Core
core 14 type: Intel Core
core 15 type: Intel Core
max id per cpu: 128
SMT mask: 1
Core mask: 7e
Package mask: ffffff80
set results:
  - packages: 1
  - cores: 8
  - smts: 2
generate core map, new implementation
0, 1, 2, 3, 4, 5, 6, 7, 8, 9, 10, 11, 12, 13, 14, 15
packages: 1
cores   : 8
ht units: 2
efficiency cores:
apic ids           : 64, 66, 68, 70, 72, 74, 76, 78, 80, 82, 84, 86, 88, 90, 92, 94
apic ids (fallback): 64, 66, 68, 70, 72, 74, 76, 78, 80, 82, 84, 86, 88, 90, 92, 94
from cpu registers: 64, 66, 68, 70, 72, 74, 76, 78, 80, 82, 84, 86, 88, 90, 92, 94
fallback: 64, 66, 68, 70, 72, 74, 76, 78, 80, 82, 84, 86, 88, 90, 92, 94
combined: 64, 66, 68, 70, 72, 74, 76, 78, 80, 82, 84, 86, 88, 90, 92, 94
core 0 type: Intel Atom
core 1 type: Intel Atom
core 2 type: Intel Atom
core 3 type: Intel Atom
core 4 type: Intel Atom
core 5 type: Intel Atom
core 6 type: Intel Atom
core 7 type: Intel Atom
core 8 type: Intel Atom
core 9 type: Intel Atom
core 10 type: Intel Atom
core 11 type: Intel Atom
core 12 type: Intel Atom
core 13 type: Intel Atom
core 14 type: Intel Atom
core 15 type: Intel Atom
max id per cpu: 128
SMT mask: 1
Core mask: 7e
Package mask: ffffff80
set results:
  - packages: 1
  - cores: 16
  - smts: 1
generate core map, new implementation
0, 1, 2, 3, 4, 5, 6, 7, 8, 9, 10, 11, 12, 13, 14, 15
packages: 1
cores   : 16
ht units: 1
CPU sockets: 1 != 2
 - pinning rule in use   : PINNING_RULE_MCALC_SKIP_ALL
 - desired group         : 0
 - num cores available   : 32
 - efficiency cores      : 16, not used
 - active core list from affinity: 
   + num accessible procs          : 32
   + num logical procs             : 32
   + current affinity (env)        : 0,1,2,3,4,5,6,7,8,9,10,11,12,13,14,15,16,17,18,19,20,21,22,23,24,25,26,27,28,29,30,31
   + sockets ids in                : 0
   + core list                  (1): 0,2,4,6,8,10,12,14,16,17,18,19,20,21,22,23,24,25,26,27,28,29,30,31
 - active cores          : 0,2,4,6,8,10,12,14,16,17,18,19,20,21,22,23,24,25,26,27,28,29,30,31
 - hyperthreading        : on
 - allowed core ids      : 0,2,4,6,8,10,12,14
 - allowed core ids (aff): 10101010 10101010 00000000 00000000 
 - used mask (string)    : 10101010 10101010 00000000 00000000 
==========================================================================================================================

=======================================================================
Version: 2024.4 Release from 2024-04-30 (change 1266454) [Release]
Workflow: QQ-Facets
Operation: [acis, fpba, bg, connectivity-tree]
Architecture: Windows, ID: AMD64
System Windows-64bit
Using processor group 0/1
Matrix calculation information:
# of Nodes: 0
Concurrency: 0
Start ID: 0
Node ID: 0
HEX Mesh information:
Hex mesh: global: [hxr o(0 | 0 | 0) s(7 | 21 | 31) np (no TSTs): 4557] 
=======================================================================

>>>>>>>>>>>>>>>>>>>>>>>>>>>>>
Sun Sun Nov 10 21:59:01 2024
started: processing CAD model
>>>>>>>>>>>>>>>>>>>>>>>>>>>>>

========================================================================
Processing CAD model (for field results)
	[Improved internal geometry representation]
	[Accuracy improvement for long shapes in inhomogeneous mesh regions]
Version: 2024.4 Release from 2024-04-30 (change 1266454)
PBA version 2024043024
Sub-Workflow: Facets-QQ-GEX
Workflow updated: -
Sun Sun Nov 10 21:59:01 2024
========================================================================

===========================================
Finished CAD processing (for field results)
===========================================

<<<<<<<<<<<<<<<<<<<<<<<<<<<<<<<<<<<<<<<<<<
Sun Sun Nov 10 21:59:01 2024
Resource usage for processing CAD model:
	Runtime                 00:00:00.00122
	Peak Memory Usage:               18 MB
<<<<<<<<<<<<<<<<<<<<<<<<<<<<<<<<<<<<<<<<<<

------------------------------------------------------------------------------------------------------------------------------
PBAMeshFeedback - InfoMap: 0[ms] - SBCell navigation: Using legacy edges - CornerCorrectionLinesAndWires: 0[ms] - Write: 0[ms]
------------------------------------------------------------------------------------------------------------------------------

Frontend-Node:  =======================================================================
                FPBA has been activated in order to calculate connectivity information.
                =======================================================================

>>>>>>>>>>>>>>>>>>>>>>>>>>>>>>>>
Sun Sun Nov 10 21:59:21 2024
started: parallelization control
>>>>>>>>>>>>>>>>>>>>>>>>>>>>>>>>

==========================================================================================================================
 - hardware info
   + cpu name                    : 13th Gen Intel(R) Core(TM) i9-13900HX
   + sockets                     : 1
   + cores per socket            : 8
   + hyperthreading              : on
   + ht-units                    : 2
   + efficiency cores            : 16, not used
   + max cpuid level             : 32
   + max cpuid ext. level        : 8
   + numa nodes                  : 1
   + internal cpu info           : CPUID: selected engine is 'Leaf 0xB detection'
performance cores:
apic ids           : 0, 1, 8, 9, 16, 17, 24, 25, 32, 33, 40, 41, 48, 49, 56, 57
apic ids (fallback): 0, 1, 8, 9, 16, 17, 24, 25, 32, 33, 40, 41, 48, 49, 56, 57
from cpu registers: 0, 1, 8, 9, 16, 17, 24, 25, 32, 33, 40, 41, 48, 49, 56, 57
fallback: 0, 1, 8, 9, 16, 17, 24, 25, 32, 33, 40, 41, 48, 49, 56, 57
combined: 0, 1, 8, 9, 16, 17, 24, 25, 32, 33, 40, 41, 48, 49, 56, 57
core 0 type: Intel Core
core 1 type: Intel Core
core 2 type: Intel Core
core 3 type: Intel Core
core 4 type: Intel Core
core 5 type: Intel Core
core 6 type: Intel Core
core 7 type: Intel Core
core 8 type: Intel Core
core 9 type: Intel Core
core 10 type: Intel Core
core 11 type: Intel Core
core 12 type: Intel Core
core 13 type: Intel Core
core 14 type: Intel Core
core 15 type: Intel Core
max id per cpu: 128
SMT mask: 1
Core mask: 7e
Package mask: ffffff80
set results:
  - packages: 1
  - cores: 8
  - smts: 2
generate core map, new implementation
0, 1, 2, 3, 4, 5, 6, 7, 8, 9, 10, 11, 12, 13, 14, 15
packages: 1
cores   : 8
ht units: 2
efficiency cores:
apic ids           : 64, 66, 68, 70, 72, 74, 76, 78, 80, 82, 84, 86, 88, 90, 92, 94
apic ids (fallback): 64, 66, 68, 70, 72, 74, 76, 78, 80, 82, 84, 86, 88, 90, 92, 94
from cpu registers: 64, 66, 68, 70, 72, 74, 76, 78, 80, 82, 84, 86, 88, 90, 92, 94
fallback: 64, 66, 68, 70, 72, 74, 76, 78, 80, 82, 84, 86, 88, 90, 92, 94
combined: 64, 66, 68, 70, 72, 74, 76, 78, 80, 82, 84, 86, 88, 90, 92, 94
core 0 type: Intel Atom
core 1 type: Intel Atom
core 2 type: Intel Atom
core 3 type: Intel Atom
core 4 type: Intel Atom
core 5 type: Intel Atom
core 6 type: Intel Atom
core 7 type: Intel Atom
core 8 type: Intel Atom
core 9 type: Intel Atom
core 10 type: Intel Atom
core 11 type: Intel Atom
core 12 type: Intel Atom
core 13 type: Intel Atom
core 14 type: Intel Atom
core 15 type: Intel Atom
max id per cpu: 128
SMT mask: 1
Core mask: 7e
Package mask: ffffff80
set results:
  - packages: 1
  - cores: 16
  - smts: 1
generate core map, new implementation
0, 1, 2, 3, 4, 5, 6, 7, 8, 9, 10, 11, 12, 13, 14, 15
packages: 1
cores   : 16
ht units: 1
CPU sockets: 1 != 2
 - pinning rule in use   : PINNING_RULE_MCALC_SKIP_ALL
 - desired group         : 0
 - num cores available   : 32
 - efficiency cores      : 16, not used
 - active core list from affinity: 
   + num accessible procs          : 32
   + num logical procs             : 32
   + current affinity (env)        : 0,1,2,3,4,5,6,7,8,9,10,11,12,13,14,15,16,17,18,19,20,21,22,23,24,25,26,27,28,29,30,31
   + sockets ids in                : 0
   + core list                  (1): 0,2,4,6,8,10,12,14,16,17,18,19,20,21,22,23,24,25,26,27,28,29,30,31
 - active cores          : 0,2,4,6,8,10,12,14,16,17,18,19,20,21,22,23,24,25,26,27,28,29,30,31
 - hyperthreading        : on
 - allowed core ids      : 0,2,4,6,8,10,12,14
 - allowed core ids (aff): 10101010 10101010 00000000 00000000 
 - used mask (string)    : 10101010 10101010 00000000 00000000 
==========================================================================================================================

=======================================================================
Version: 2024.4 Release from 2024-04-30 (change 1266454) [Release]
Workflow: QQ-Facets
Operation: [acis, fpba, bg]
Architecture: Windows, ID: AMD64
System Windows-64bit
Using processor group 0/1
Matrix calculation information:
# of Nodes: 0
Concurrency: 0
Start ID: 0
Node ID: 0
HEX Mesh information:
Hex mesh: global: [hxr o(0 | 0 | 0) s(7 | 21 | 31) np (no TSTs): 4557] 
=======================================================================

>>>>>>>>>>>>>>>>>>>>>>>>>>>>>
Sun Sun Nov 10 21:59:21 2024
started: processing CAD model
>>>>>>>>>>>>>>>>>>>>>>>>>>>>>

========================================================================
Processing CAD model
	[Improved internal geometry representation]
	[Accuracy improvement for long shapes in inhomogeneous mesh regions]
Version: 2024.4 Release from 2024-04-30 (change 1266454)
PBA version 2024043024
Sub-Workflow: Facets-QQ
Workflow updated: -
Sun Sun Nov 10 21:59:21 2024
========================================================================

----------------------------------------------
Used point accuracy enhancement value: 75.00%.
----------------------------------------------

=============================================================================
Mesh statistics:
-----------------------------------------------------------------------------
Minimum edge length (x): 0.287 @ mesh line 1 (x)
Maximum edge length (x): 0.38 @ mesh line 5 (x)
Minimum face area (x): 0.0822 @ mesh lines 5 | 15 (y | z)
Maximum face area (x): 0.325 @ mesh lines 17 | 29 (y | z)
Minimum edge length (y): 0.287 @ mesh line 5 (y)
Maximum edge length (y): 0.57 @ mesh line 17 (y)
Minimum face area (y): 0.0822 @ mesh lines 15 | 1 (z | x)
Maximum face area (y): 0.217 @ mesh lines 29 | 5 (z | x)
Minimum edge length (z): 0.287 @ mesh line 15 (z)
Maximum edge length (z): 0.57 @ mesh line 29 (z)
Minimum face area (z): 0.0822 @ mesh lines 1 | 5 (x | y)
Maximum face area (z): 0.217 @ mesh lines 5 | 17 (x | y)
Maximum mesh face aspect ratio (x): 1.99 : 1.0  @ mesh lines 5 | 29 (y | z)
Maximum mesh face aspect ratio (y): 1.99 : 1.0  @ mesh lines 29 | 1 (z | x)
Maximum mesh face aspect ratio (z): 1.99 : 1.0  @ mesh lines 1 | 17 (x | y)
=============================================================================

==============================================================================
Available resources to store TST cells: 2147479090 (47124842.88% of mesh size)
==============================================================================

------------------------------------------------------------------------------------------------
Geometry processing log
	PEC background is represented by CAD geometry: true
	Background shape: used
	Multithread portion: 100.00
	Number of CAD shapes: 4
	Number of lumps: 1
------------------------------------------------------------------------------------------------
=========================================
== CST Matrix Calculation Priority Log ==
=========================================
Priorities are sorted in ascending order beginning with the lowest priority
 
Group | Shape-ID | ShapeName | Material | User-priority | 2D/3D-Geometry | Material-attributes | Shape-attributes | Feature-ID | Schemetype
1 | 5 | </cst/Boundaries/> Low^X_Sym | PEC | n/a | no | pec. | boundary. | n/a | FIT_TD
1 | 6 | </cst/Boundaries/> Low^Y | PEC | n/a | no | pec. | boundary. | n/a | FIT_TD
1 | 7 | </cst/Boundaries/> Low^Z | PEC | n/a | no | pec. | boundary. | n/a | FIT_TD
1 | 8 | </cst/Boundaries/> Up^X | PEC | n/a | no | pec. | boundary. | n/a | FIT_TD
1 | 9 | </cst/Boundaries/> Up^Y | PEC | n/a | no | pec. | boundary. | n/a | FIT_TD
1 | 10 | </cst/Boundaries/> Up^Z | PEC | n/a | no | pec. | boundary. | n/a | FIT_TD
2 | 2 | component1:long cylinder | air | n/a | yes | normal.vacuum. | solid. | n/a | FIT_TD
3 | 4 | [Background] (Lump 2) | air_0 | n/a | yes | background-material.pec. | solid. | n/a | FIT_TD
3 | 1 | component1:long conductor | PEC | n/a | yes | pec. | solid. | n/a | FIT_TD
3 | 3 | component1:short conductor | PEC | n/a | yes | pec. | solid. | n/a | FIT_TD
=========================================
************************************************************************************************
General settings
	PBA version: default
------------------------------------------------------------------------------------------------
Geometry processor: default
	Geo accuracy: 75.000000
	Watertightness check: true
	Self intersection check: false
	Inheritance (all): true
	Normal dominance (all): false
	Normal dominance (ports): false
	Flanges hollow: true
	One shape per flange: false
	Multi threading: true
		max # of threads used: 16
		requested max # of threads: 16
		representation: indexed
		method: multi thread
		retry: no
------------------------------------------------------------------------------------------------
CAD processing settings are set to default
------------------------------------------------------------------------------------------------
Connectivity settings
	Workflow selection: 0
	Workflow version: 20190101
	Gap detection: true
	Gap detection version: 2
	TST version: 2
	QQ workflow: true
	CoCo workflow: true
	Legacy topology: false
	Connectivity check: true
------------------------------------------------------------------------------------------------
------------------------------------------------------------------------------------------------
CAD Processing Version Info
	ACIS version installed:	33.0.1
	ACIS version used:	33.0.1
------------------------------------------------------------------------------------------------
Success method:	fb-multi-thread-22
************************************************************************************************

=======================
Finished CAD processing
=======================

<<<<<<<<<<<<<<<<<<<<<<<<<<<<<<<<<<<<<<<<<<
Sun Sun Nov 10 21:59:22 2024
Resource usage for processing CAD model:
	Runtime                 00:00:00.00162
	Peak Memory Usage:               20 MB
<<<<<<<<<<<<<<<<<<<<<<<<<<<<<<<<<<<<<<<<<<

------------------------------------------------------------
Parallelization Info
------------------------------------------------------------
Hyperthreading active: true
Hyperthreading used: false
Number of concurrent threads: 1
Number of concurrent threads using GPU: 0
Number of node domains: 1
Domains-to-threads scaling: 2
Average FI domain size: 1e+03
Nice mode: true
Delayed matrix calculation start: false
Load balancing: Version 20090403
Number of mesh fill domains: 4
Memory downscale: 1
Shared memory representation: none
CPU load: 12.50%
Emptiness: 0.00%
Hex mesh complexity: 0.00360
Geometric complexity: 0.06036
lower size limit of domain (1D): 60
------------------------------------------------------------
Node order
0
------------------------------------------------------------

------------------------------------------------------------------
Matrix calculation job submit section 0
Currently running jobs: 0
Waiting jobs: 1
Concurrency for section: 1/1
Memory physically installed: 34.0383 GB
Memory currently available: 17.3708 GB
Memory already used: 16.6675 GB
Matrix calculation @ 1xN-Node 0000
	Mesh coverage: 360000.00 %
	Estimated peak memory usage per node: 41 MB, tightness: 0.24 %
	GPU acceleration: off
	Processor group: 0
Node distribution on 1 processor group: 1
------------------------------------------------------------------

===========================================
Data rearrangement statistics:
Disk IO directories:	00:00:00.0000
Disk IO node domain files:	00:00:00.0004
Disk IO FI domain files:	00:00:00.0000
Disk IO meta information:	00:00:00.0000
Sequential merge (TST):	00:00:00.0015
===========================================

1xN000:  ==========================================================
         [Boundaries] - MCalc
         magnetic, electric, electric, electric, electric, electric
         ==========================================================

1xN000:  ========================================
         [Mesh] Matrix calculation - NO ACIS mode
         [Mesh] 1xN MPI or parallelization mode
         ========================================

1xN000:  =============================
         [Mesh] Expansion: 0 0 0 0 0 0
         =============================

1xN000:  ==========================================================================================================================
          - hardware info
            + cpu name                    : 13th Gen Intel(R) Core(TM) i9-13900HX
            + sockets                     : 1
            + cores per socket            : 8
            + hyperthreading              : on
            + ht-units                    : 2
            + efficiency cores            : 16, not used
            + max cpuid level             : 32
            + max cpuid ext. level        : 8
            + numa nodes                  : 1
            + internal cpu info           : CPUID: selected engine is 'Leaf 0xB detection'
         performance cores:
         apic ids           : 0, 1, 8, 9, 16, 17, 24, 25, 32, 33, 40, 41, 48, 49, 56, 57
         apic ids (fallback): 0, 1, 8, 9, 16, 17, 24, 25, 32, 33, 40, 41, 48, 49, 56, 57
         from cpu registers: 0, 1, 8, 9, 16, 17, 24, 25, 32, 33, 40, 41, 48, 49, 56, 57
         fallback: 0, 1, 8, 9, 16, 17, 24, 25, 32, 33, 40, 41, 48, 49, 56, 57
         combined: 0, 1, 8, 9, 16, 17, 24, 25, 32, 33, 40, 41, 48, 49, 56, 57
         core 0 type: Intel Core
         core 1 type: Intel Core
         core 2 type: Intel Core
         core 3 type: Intel Core
         core 4 type: Intel Core
         core 5 type: Intel Core
         core 6 type: Intel Core
         core 7 type: Intel Core
         core 8 type: Intel Core
         core 9 type: Intel Core
         core 10 type: Intel Core
         core 11 type: Intel Core
         core 12 type: Intel Core
         core 13 type: Intel Core
         core 14 type: Intel Core
         core 15 type: Intel Core
         max id per cpu: 128
         SMT mask: 1
         Core mask: 7e
         Package mask: ffffff80
         set results:
           - packages: 1
           - cores: 8
           - smts: 2
         generate core map, new implementation
         0, 1, 2, 3, 4, 5, 6, 7, 8, 9, 10, 11, 12, 13, 14, 15
         packages: 1
         cores   : 8
         ht units: 2
         efficiency cores:
         apic ids           : 64, 66, 68, 70, 72, 74, 76, 78, 80, 82, 84, 86, 88, 90, 92, 94
         apic ids (fallback): 64, 66, 68, 70, 72, 74, 76, 78, 80, 82, 84, 86, 88, 90, 92, 94
         from cpu registers: 64, 66, 68, 70, 72, 74, 76, 78, 80, 82, 84, 86, 88, 90, 92, 94
         fallback: 64, 66, 68, 70, 72, 74, 76, 78, 80, 82, 84, 86, 88, 90, 92, 94
         combined: 64, 66, 68, 70, 72, 74, 76, 78, 80, 82, 84, 86, 88, 90, 92, 94
         core 0 type: Intel Atom
         core 1 type: Intel Atom
         core 2 type: Intel Atom
         core 3 type: Intel Atom
         core 4 type: Intel Atom
         core 5 type: Intel Atom
         core 6 type: Intel Atom
         core 7 type: Intel Atom
         core 8 type: Intel Atom
         core 9 type: Intel Atom
         core 10 type: Intel Atom
         core 11 type: Intel Atom
         core 12 type: Intel Atom
         core 13 type: Intel Atom
         core 14 type: Intel Atom
         core 15 type: Intel Atom
         max id per cpu: 128
         SMT mask: 1
         Core mask: 7e
         Package mask: ffffff80
         set results:
           - packages: 1
           - cores: 16
           - smts: 1
         generate core map, new implementation
         0, 1, 2, 3, 4, 5, 6, 7, 8, 9, 10, 11, 12, 13, 14, 15
         packages: 1
         cores   : 16
         ht units: 1
         CPU sockets: 1 != 2
          - pinning rule in use   : PINNING_RULE_MCALC_SKIP_ALL
          - desired group         : 0
          - num cores available   : 32
          - efficiency cores      : 16, not used
          - active core list from affinity:
            + num accessible procs          : 32
            + num logical procs             : 32
            + current affinity (env)        : 0,1,2,3,4,5,6,7,8,9,10,11,12,13,14,15,16,17,18,19,20,21,22,23,24,25,26,27,28,29,30,31
            + sockets ids in                : 0
            + core list                  (1): 0,1,2,3,4,5,6,7,8,9,10,11,12,13,14,15,16,17,18,19,20,21,22,23,24,25,26,27,28,29,30,31
          - active cores          : 0,1,2,3,4,5,6,7,8,9,10,11,12,13,14,15,16,17,18,19,20,21,22,23,24,25,26,27,28,29,30,31
          - hyperthreading        : on
          - skip pinning: + allowed number of sockets = available number of sockets
                          + hyperthreading allowed by solver
         ==========================================================================================================================

1xN000:  ===================================================================================================
         Version: 2024.4 Release from 2024-04-30 (change 1266454) [Release]
         Workflow: PBA matrix coefficients
         Operation: [fpba, meshfill, bg, port-path, tst, tst-nextgen, coeff, surface-imp, connectivity-tree]
         Architecture: Windows, ID: AMD64
         System Windows-64bit
         Using processor group 0/1
         Matrix calculation information:
         # of Nodes: 1
         Concurrency: 1
         Start ID: 0
         Node ID: 0
         HEX Mesh information:
         Hex mesh: global: [hxr o(0 | 0 | 0) s(7 | 21 | 31) np (no TSTs): 4557]
         ===================================================================================================

1xN000:  -----------------------------------------------------
         Memory status on node "1xN000" for matrix calculation
         	Estimated memory consumption: 0.0413018 GB
         	Physical memory installed: 34.0383 GB
         	Available physical memory: 17.3668 GB
         	Available relative memory: 51.0214 %
         -----------------------------------------------------

1xN000:  >>>>>>>>>>>>>>>>>>>>>>>>>>>>>>>>>>>>>>>>>>>>>>>>>
         Sun Sun Nov 10 21:59:22 2024
         started: calculating matrix coefficients per node
         >>>>>>>>>>>>>>>>>>>>>>>>>>>>>>>>>>>>>>>>>>>>>>>>>

1xN000:  ============================================================
         Matrix computation (PBA)
         	[Perfect Boundary Approximation (PBA), version: default]
         	[GPU acceleration: off (by user)]
         Version: 2024.4 Release from 2024-04-30 (change 1266454)
         PBA version 2024043024
         Sub-Workflow: FARM-1xN-TST2-Node
         Workflow updated: -
         Sun Sun Nov 10 21:59:22 2024
         ============================================================

1xN000:  ----------------------------------------------
         Used point accuracy enhancement value: 75.00%.
         ----------------------------------------------

1xN000:  -------------------------------------------------
         Geometry representation: compact
         Shared memory: none
         FARM allocation scheme: PA
         Parallelization: on, used

1xN000:  Gap-Detection activated for FARM-topology. Gaps are resolved, even partially.: gap tolerance value is 0.001000 and mesh geometry scale is 0.001000
1xN000:
1xN000:



1xN000:  ----------------------
         Acceleration mode: CPU
         ----------------------

1xN000:  Port homogenization method: M2H point index deviation
1xN000:  cccccccccccccccccccccccccccccccccccccccccccccccccccccccccccccccccccc
         FARM/Meshfill cache is set to 8 (local FI domains: 4, dynamic: true)
         cccccccccccccccccccccccccccccccccccccccccccccccccccccccccccccccccccc

1xN000:  =============================================================
         Hex cell analyzer settings:
         	max number of E fields per mesh edge: 2
         	max number of H fields per mesh face: 4
         	supporting dual grid: false
         	performance improvement: ROI limit: true
         	performance improvement: ROI threshold: 2
         	performance improvement: single topology extraction: true
         	performance improvement: pre-categorize cell volume: true
         	periodic align: 0
         	periodic cells: true
         	homogenization version: pid
         =============================================================

1xN000:  -------------------
         TST Statistics:
         E Split (0 | 0 | 0)
         E Adapt (0 | 0 | 0)
         B Split (0 | 0 | 0)
         B Adapt (0 | 0 | 0)
         -------------------

1xN000:  --------------------------------------
         Glued 0 metal grid points in port area
         --------------------------------------

1xN000:  -------------------------------------------------------------
         Background artefacts have been removed for waveguide port "1"
         -------------------------------------------------------------

1xN000:  --------------------------------------
         Glued 0 metal grid points in port area
         --------------------------------------

1xN000:  -------------------------------------------------------------
         Background artefacts have been removed for waveguide port "2"
         -------------------------------------------------------------

1xN000:  ------------------------------------------------------------------------------
         PBA fill limit is applied in inverse mode.
         PBA fill limit is applied on faces filled with at least 99.00% metal material.
         --------------------------------------------------------------
         detailed accuracy settings:
         --------------------------------------------------------------
         augmented fill limit:       true
         augmented fill limit value: 99.00
         automatic fill limit:       true
         early fill limit:           true
         inverse fill limit:         true
         model complexity:           0.00
         legacy 2015:                false
         fixed point accuracy:       false
         minimum point accuracy:     0
         mesh step inheritance:      false
         accuracy mode:
         ------------------------------------------------------------------------------

1xN000:  --------------------------------------
         Glued 0 metal grid points in port area
         --------------------------------------

1xN000:  --------------------------------------
         Glued 0 metal grid points in port area
         --------------------------------------

1xN000:  =================================
         Finished matrix computation (PBA)
         =================================

1xN000:  <<<<<<<<<<<<<<<<<<<<<<<<<<<<<<<<<<<<<<<<<<<<<<<<<<<<<<<<<<<<
         Sun Sun Nov 10 21:59:24 2024
         Resource usage for calculating matrix coefficients per node:
         	Runtime                          00:00:01.00593
         	Peak Memory Estimation:                   41 MB
         	Peak Memory Usage:                        43 MB
         <<<<<<<<<<<<<<<<<<<<<<<<<<<<<<<<<<<<<<<<<<<<<<<<<<<<<<<<<<<<



<<<<<<<<<<<<<<<<<<<<<<<<<<<<<<<<<<<<<<<<<<<<<<<
Sun Sun Nov 10 21:59:25 2024
Resource usage for parallelization control:
	Runtime                      00:00:04.00210
<<<<<<<<<<<<<<<<<<<<<<<<<<<<<<<<<<<<<<<<<<<<<<<

------------------------------------------------------------------------------------------------------------------------------
PBAMeshFeedback - InfoMap: 0[ms] - SBCell navigation: Using legacy edges - CornerCorrectionLinesAndWires: 0[ms] - Write: 0[ms]
ConnectivityAXG - Load: 0[ms] - Setup: 0[ms] - Convert: 7[ms] ( Groups: 3 - Shapes: 4 - Threads: 24 ) - Write: 1[ms]
ConnectivityAXG - Load: 0[ms] - Setup: 0[ms] - Convert: 7[ms] ( Groups: 3 - Shapes: 4 - Threads: 24 ) - Write: 1[ms]
------------------------------------------------------------------------------------------------------------------------------

--------------------------------
# of staircase filled cells: 0
# of staircase filled areas: 0
# of staircase filled edges: 0
# of faces above fill limit: 0
# of edges with FPBA topology: 0
--------------------------------

>2024-10-10 21:59:30.00632< Solver_HF_TD_AMD64 @ Valder-Lap-4070:  !!!!!!!!!!!!!!!!!!!!!!!!!!!!!!!!!!!!!!!
                                                                   current system memory usage reached 50%
                                                                   !!!!!!!!!!!!!!!!!!!!!!!!!!!!!!!!!!!!!!!

--------------------------------
# of staircase filled cells: 0
# of staircase filled areas: 0
# of staircase filled edges: 0
# of faces above fill limit: 0
# of edges with FPBA topology: 0
--------------------------------

--------------------------------
# of staircase filled cells: 0
# of staircase filled areas: 0
# of staircase filled edges: 0
# of faces above fill limit: 0
# of edges with FPBA topology: 0
--------------------------------

>2024-10-10 22:03:05.00282< Solver_HF_TD_AMD64 @ Valder-Lap-4070:  !!!!!!!!!!!!!!!!!!!!!!!!!!!!!!!!!!!!!!!
                                                                   current system memory usage reached 50%
                                                                   !!!!!!!!!!!!!!!!!!!!!!!!!!!!!!!!!!!!!!!

--------------------------------
# of staircase filled cells: 0
# of staircase filled areas: 0
# of staircase filled edges: 0
# of faces above fill limit: 0
# of edges with FPBA topology: 0
--------------------------------

