Port monitor named: Port1_h1.prt

nx        = 14
ny        = 28
nz        = 3

nu        = 14
nv        = 27
iu        = 1
iv        = 1

idir      = 2
dcut      = 1.200000e-002
icut      = 3
type      = 1
frequency = 9.000000e+009

fcutoff   = 0.000000e+000
alpha     = 0.000000e+000
beta      = 1.886253e+002
accuracy  = 1.164829e-013

type          = TEM
wave imp.     = 3.767330e+002
wave imp.sig. = 2.353923e-002
line imp.     = 5.073793e+001

ref. port     = 0

-1.173010e+001  -1.148094e+001  -1.121841e+001  -1.081324e+001  -1.038172e+001  -0.000000e+000  -0.000000e+000  -0.000000e+000  -0.000000e+000  -0.000000e+000  -0.000000e+000  -0.000000e+000  -0.000000e+000  -0.000000e+000  
-1.309864e+001  -1.273408e+001  -1.232449e+001  -1.178036e+001  -1.113871e+001  -1.040273e+001  -1.002056e+001  -9.557213e+000  -9.201942e+000  -0.000000e+000  -0.000000e+000  -0.000000e+000  -0.000000e+000  -0.000000e+000  
-1.480500e+001  -1.426809e+001  -1.367990e+001  -1.292821e+001  -1.207056e+001  -1.116184e+001  -1.056691e+001  -9.970299e+000  -9.376598e+000  -8.858682e+000  -0.000000e+000  -0.000000e+000  -0.000000e+000  -0.000000e+000  
-1.700890e+001  -1.619714e+001  -1.533833e+001  -1.427243e+001  -1.309704e+001  -1.189619e+001  -1.112040e+001  -1.037109e+001  -9.656442e+000  -8.983723e+000  -7.766550e+000  -0.000000e+000  -0.000000e+000  -0.000000e+000  
-1.916772e+001  -1.801456e+001  -1.682977e+001  -1.540228e+001  -1.388114e+001  -1.238305e+001  -1.144300e+001  -1.055698e+001  -9.731630e+000  -8.970137e+000  -7.640546e+000  -6.459770e+000  -0.000000e+000  -0.000000e+000  
-2.075590e+001  -1.932017e+001  -1.786578e+001  -1.615166e+001  -1.436658e+001  -1.265238e+001  -1.159811e+001  -1.061991e+001  -9.721906e+000  -8.903876e+000  -7.497933e+000  -6.335172e+000  -0.000000e+000  -0.000000e+000  
-2.262629e+001  -2.081882e+001  -1.900391e+001  -1.692894e+001  -1.482415e+001  -1.286329e+001  -1.168515e+001  -1.061107e+001  -9.640609e+000  -8.768971e+000  -7.300911e+000  -6.133892e+000  -0.000000e+000  -0.000000e+000  
-2.485197e+001  -2.255627e+001  -2.024428e+001  -1.771794e+001  -1.522513e+001  -1.298752e+001  -1.167907e+001  -1.050948e+001  -9.470877e+000  -8.551966e+000  -7.036537e+000  -5.862855e+000  -0.000000e+000  -0.000000e+000  
-0.000000e+000  -2.487559e+001  -2.196291e+001  -1.872452e+001  -1.561521e+001  -1.298708e+001  -1.150993e+001  -1.022560e+001  -9.111678e+000  -8.145636e+000  -6.594325e+000  -5.406988e+000  -4.395657e+000  -0.000000e+000  
-0.000000e+000  -0.000000e+000  -0.000000e+000  -1.936190e+001  -1.561354e+001  -1.250607e+001  -1.086310e+001  -9.488742e+000  -8.333484e+000  -7.357226e+000  -5.843596e+000  -4.725519e+000  -3.877012e+000  -0.000000e+000  
-0.000000e+000  -0.000000e+000  -0.000000e+000  -0.000000e+000  -1.496952e+001  -1.126896e+001  -9.604822e+000  -8.253117e+000  -7.147817e+000  -6.235790e+000  -4.867759e+000  -3.890637e+000  -3.173878e+000  -0.000000e+000  
-0.000000e+000  -0.000000e+000  -0.000000e+000  -0.000000e+000  -0.000000e+000  -9.155942e+000  -7.635319e+000  -6.456574e+000  -5.522184e+000  -4.768326e+000  -3.669456e+000  -2.907584e+000  -2.374730e+000  -0.000000e+000  
-0.000000e+000  -0.000000e+000  -0.000000e+000  -0.000000e+000  -0.000000e+000  -4.877976e+000  -3.513694e+000  -2.927390e+000  -2.467290e+000  -2.101786e+000  -1.584323e+000  -1.237503e+000  -9.997256e-001  -0.000000e+000  
-0.000000e+000  -0.000000e+000  -0.000000e+000  -0.000000e+000  -0.000000e+000  4.877950e+000  3.513655e+000  2.927348e+000  2.467252e+000  2.101754e+000  1.584303e+000  1.237493e+000  9.997213e-001  -0.000000e+000  
-0.000000e+000  -0.000000e+000  -0.000000e+000  -0.000000e+000  -0.000000e+000  9.155766e+000  7.635187e+000  6.456489e+000  5.522131e+000  4.768293e+000  3.669441e+000  2.907578e+000  2.374728e+000  -0.000000e+000  
-0.000000e+000  -0.000000e+000  -0.000000e+000  -0.000000e+000  1.497709e+001  1.126843e+001  9.604622e+000  8.253035e+000  7.147781e+000  6.235773e+000  4.867753e+000  3.890636e+000  3.173879e+000  -0.000000e+000  
-0.000000e+000  -0.000000e+000  -0.000000e+000  1.936594e+001  1.561568e+001  1.250659e+001  1.086331e+001  9.488831e+000  8.333526e+000  7.357246e+000  5.843604e+000  4.725523e+000  3.877016e+000  -0.000000e+000  
-0.000000e+000  2.487574e+001  2.196319e+001  1.872314e+001  1.561544e+001  1.298730e+001  1.151009e+001  1.022570e+001  9.111737e+000  8.145672e+000  6.594340e+000  5.406996e+000  4.395663e+000  -0.000000e+000  
2.485203e+001  2.255633e+001  2.024427e+001  1.771742e+001  1.522511e+001  1.298761e+001  1.167915e+001  1.050955e+001  9.470924e+000  8.551999e+000  7.036553e+000  5.862864e+000  -0.000000e+000  -0.000000e+000  
2.262633e+001  2.081884e+001  1.900386e+001  1.692869e+001  1.482409e+001  1.286332e+001  1.168519e+001  1.061111e+001  9.640644e+000  8.768998e+000  7.300926e+000  6.133900e+000  -0.000000e+000  -0.000000e+000  
2.075591e+001  1.932017e+001  1.786573e+001  1.615152e+001  1.436652e+001  1.265238e+001  1.159813e+001  1.061993e+001  9.721928e+000  8.903896e+000  7.497945e+000  6.335179e+000  -0.000000e+000  -0.000000e+000  
1.916773e+001  1.801455e+001  1.682972e+001  1.540220e+001  1.388109e+001  1.238304e+001  1.144301e+001  1.055699e+001  9.731644e+000  8.970149e+000  7.640555e+000  6.459776e+000  -0.000000e+000  -0.000000e+000  
1.700889e+001  1.619712e+001  1.533830e+001  1.427239e+001  1.309701e+001  1.189617e+001  1.112039e+001  1.037109e+001  9.656444e+000  8.983727e+000  7.766553e+000  -0.000000e+000  -0.000000e+000  -0.000000e+000  
1.480499e+001  1.426807e+001  1.367988e+001  1.292818e+001  1.207053e+001  1.116182e+001  1.056690e+001  9.970290e+000  9.376592e+000  8.858677e+000  -0.000000e+000  -0.000000e+000  -0.000000e+000  -0.000000e+000  
1.309862e+001  1.273407e+001  1.232447e+001  1.178034e+001  1.113870e+001  1.040271e+001  1.002055e+001  9.557200e+000  9.201932e+000  -0.000000e+000  -0.000000e+000  -0.000000e+000  -0.000000e+000  -0.000000e+000  
1.173008e+001  1.148092e+001  1.121840e+001  1.081322e+001  1.038170e+001  -0.000000e+000  -0.000000e+000  -0.000000e+000  -0.000000e+000  -0.000000e+000  -0.000000e+000  -0.000000e+000  -0.000000e+000  -0.000000e+000  
-0.000000e+000  -0.000000e+000  -0.000000e+000  -0.000000e+000  -0.000000e+000  -0.000000e+000  -0.000000e+000  -0.000000e+000  -0.000000e+000  -0.000000e+000  -0.000000e+000  -0.000000e+000  -0.000000e+000  -0.000000e+000  

-0.000000e+000  -0.000000e+000  -0.000000e+000  -0.000000e+000  -0.000000e+000  -0.000000e+000  -0.000000e+000  -0.000000e+000  -0.000000e+000  -0.000000e+000  -0.000000e+000  -0.000000e+000  -0.000000e+000  -0.000000e+000  
-1.005272e+000  -2.386031e+000  -3.198508e+000  -3.908912e+000  -4.464971e+000  -0.000000e+000  -0.000000e+000  -0.000000e+000  -0.000000e+000  -0.000000e+000  -0.000000e+000  -0.000000e+000  -0.000000e+000  -0.000000e+000  
-1.253419e+000  -2.943639e+000  -3.939265e+000  -4.782425e+000  -5.466915e+000  -5.930510e+000  -6.196506e+000  -6.397620e+000  -6.482653e+000  -0.000000e+000  -0.000000e+000  -0.000000e+000  -0.000000e+000  -0.000000e+000  
-1.618888e+000  -3.744379e+000  -4.962593e+000  -5.950000e+000  -6.704011e+000  -7.152482e+000  -7.421949e+000  -7.617075e+000  -7.753319e+000  -7.844635e+000  -0.000000e+000  -0.000000e+000  -0.000000e+000  -0.000000e+000  
-2.171442e+000  -4.913525e+000  -6.413679e+000  -7.550135e+000  -8.338813e+000  -8.745954e+000  -8.961024e+000  -9.084951e+000  -9.135076e+000  -9.121490e+000  -8.953485e+000  -0.000000e+000  -0.000000e+000  -0.000000e+000  
-2.532959e+000  -5.656398e+000  -7.308722e+000  -8.503898e+000  -9.278119e+000  -9.635246e+000  -9.799210e+000  -9.865733e+000  -9.855454e+000  -9.750390e+000  -9.448884e+000  -9.185464e+000  -0.000000e+000  -0.000000e+000  
-2.983062e+000  -6.568306e+000  -8.383486e+000  -9.623154e+000  -1.035293e+001  -1.063259e+001  -1.072460e+001  -1.071525e+001  -1.062931e+001  -1.041541e+001  -9.998874e+000  -9.573339e+000  -0.000000e+000  -0.000000e+000  
-3.549709e+000  -7.706261e+000  -9.684503e+000  -1.094287e+001  -1.158239e+001  -1.174712e+001  -1.174069e+001  -1.163331e+001  -1.145389e+001  -1.110980e+001  -1.055088e+001  -9.977866e+000  -0.000000e+000  -0.000000e+000  
-4.879336e+000  -9.155890e+000  -1.126853e+001  -1.250587e+001  -1.298538e+001  -1.298493e+001  -1.284713e+001  -1.261584e+001  -1.232319e+001  -1.182661e+001  -1.110603e+001  -1.036321e+001  -0.000000e+000  -0.000000e+000  
-0.000000e+000  -0.000000e+000  -1.497781e+001  -1.561518e+001  -1.561351e+001  -1.521360e+001  -1.478489e+001  -1.429650e+001  -1.378072e+001  -1.299690e+001  -1.200174e+001  -1.109840e+001  -1.041089e+001  -0.000000e+000  
-0.000000e+000  -0.000000e+000  -0.000000e+000  -1.936500e+001  -1.872098e+001  -1.769246e+001  -1.685848e+001  -1.603952e+001  -1.525367e+001  -1.413876e+001  -1.284521e+001  -1.173850e+001  -1.080644e+001  -0.000000e+000  
-0.000000e+000  -0.000000e+000  -0.000000e+000  -0.000000e+000  -2.196002e+001  -2.020327e+001  -1.889790e+001  -1.770717e+001  -1.662971e+001  -1.517078e+001  -1.358233e+001  -1.227922e+001  -1.121988e+001  -0.000000e+000  
-0.000000e+000  -0.000000e+000  -0.000000e+000  -0.000000e+000  -2.486866e+001  -2.249754e+001  -2.067636e+001  -1.911695e+001  -1.776711e+001  -1.599975e+001  -1.415708e+001  -1.268119e+001  -1.146607e+001  -0.000000e+000  
-0.000000e+000  -0.000000e+000  -0.000000e+000  -0.000000e+000  -0.000000e+000  -2.477438e+001  -2.244555e+001  -2.050532e+001  -1.887004e+001  -1.678049e+001  -1.468035e+001  -1.303995e+001  -1.171473e+001  -0.000000e+000  
-0.000000e+000  -0.000000e+000  -0.000000e+000  -0.000000e+000  -2.486853e+001  -2.249749e+001  -2.067635e+001  -1.911696e+001  -1.776713e+001  -1.599977e+001  -1.415709e+001  -1.268120e+001  -1.146608e+001  -0.000000e+000  
-0.000000e+000  -0.000000e+000  -0.000000e+000  -0.000000e+000  -2.195975e+001  -2.020328e+001  -1.889796e+001  -1.770723e+001  -1.662976e+001  -1.517081e+001  -1.358235e+001  -1.227923e+001  -1.121989e+001  -0.000000e+000  
-0.000000e+000  -0.000000e+000  -0.000000e+000  -1.936096e+001  -1.872237e+001  -1.769297e+001  -1.685872e+001  -1.603965e+001  -1.525375e+001  -1.413880e+001  -1.284523e+001  -1.173852e+001  -1.080645e+001  -0.000000e+000  
-0.000000e+000  -0.000000e+000  -1.497024e+001  -1.561305e+001  -1.561329e+001  -1.521363e+001  -1.478495e+001  -1.429656e+001  -1.378077e+001  -1.299693e+001  -1.200176e+001  -1.109842e+001  -1.041091e+001  -0.000000e+000  
-4.879365e+000  -9.156067e+000  -1.126906e+001  -1.250534e+001  -1.298516e+001  -1.298485e+001  -1.284710e+001  -1.261584e+001  -1.232320e+001  -1.182662e+001  -1.110605e+001  -1.036322e+001  -0.000000e+000  -0.000000e+000  
-3.549738e+000  -7.706392e+000  -9.684711e+000  -1.094265e+001  -1.158223e+001  -1.174704e+001  -1.174065e+001  -1.163329e+001  -1.145389e+001  -1.110981e+001  -1.055089e+001  -9.977878e+000  -0.000000e+000  -0.000000e+000  
-2.983087e+000  -6.568389e+000  -8.383571e+000  -9.623056e+000  -1.035282e+001  -1.063252e+001  -1.072456e+001  -1.071523e+001  -1.062930e+001  -1.041541e+001  -9.998882e+000  -9.573349e+000  -0.000000e+000  -0.000000e+000  
-2.532978e+000  -5.656445e+000  -7.308757e+000  -8.503849e+000  -9.278053e+000  -9.635195e+000  -9.799173e+000  -9.865711e+000  -9.855441e+000  -9.750389e+000  -9.448890e+000  -9.185472e+000  -0.000000e+000  -0.000000e+000  
-2.171456e+000  -4.913550e+000  -6.413692e+000  -7.550107e+000  -8.338770e+000  -8.745916e+000  -8.960995e+000  -9.084930e+000  -9.135063e+000  -9.121486e+000  -8.953488e+000  -0.000000e+000  -0.000000e+000  -0.000000e+000  
-1.618893e+000  -3.744385e+000  -4.962592e+000  -5.949987e+000  -6.703991e+000  -7.152463e+000  -7.421931e+000  -7.617061e+000  -7.753309e+000  -7.844631e+000  -0.000000e+000  -0.000000e+000  -0.000000e+000  -0.000000e+000  
-1.253421e+000  -2.943639e+000  -3.939262e+000  -4.782416e+000  -5.466904e+000  -5.930498e+000  -6.196495e+000  -6.397611e+000  -6.482645e+000  -0.000000e+000  -0.000000e+000  -0.000000e+000  -0.000000e+000  -0.000000e+000  
-1.005271e+000  -2.386028e+000  -3.198503e+000  -3.908906e+000  -4.464964e+000  -0.000000e+000  -0.000000e+000  -0.000000e+000  -0.000000e+000  -0.000000e+000  -0.000000e+000  -0.000000e+000  -0.000000e+000  -0.000000e+000  
-0.000000e+000  -0.000000e+000  -0.000000e+000  -0.000000e+000  -0.000000e+000  -0.000000e+000  -0.000000e+000  -0.000000e+000  -0.000000e+000  -0.000000e+000  -0.000000e+000  -0.000000e+000  -0.000000e+000  -0.000000e+000  

0.000000e+000  0.000000e+000  0.000000e+000  0.000000e+000  0.000000e+000  0.000000e+000  0.000000e+000  0.000000e+000  0.000000e+000  0.000000e+000  0.000000e+000  0.000000e+000  0.000000e+000  0.000000e+000  
0.000000e+000  0.000000e+000  0.000000e+000  0.000000e+000  0.000000e+000  0.000000e+000  0.000000e+000  0.000000e+000  0.000000e+000  0.000000e+000  0.000000e+000  0.000000e+000  0.000000e+000  0.000000e+000  
0.000000e+000  0.000000e+000  0.000000e+000  0.000000e+000  0.000000e+000  0.000000e+000  0.000000e+000  0.000000e+000  0.000000e+000  0.000000e+000  0.000000e+000  0.000000e+000  0.000000e+000  0.000000e+000  
0.000000e+000  0.000000e+000  0.000000e+000  0.000000e+000  0.000000e+000  0.000000e+000  0.000000e+000  0.000000e+000  0.000000e+000  0.000000e+000  0.000000e+000  0.000000e+000  0.000000e+000  0.000000e+000  
0.000000e+000  0.000000e+000  0.000000e+000  0.000000e+000  0.000000e+000  0.000000e+000  0.000000e+000  0.000000e+000  0.000000e+000  0.000000e+000  0.000000e+000  0.000000e+000  0.000000e+000  0.000000e+000  
0.000000e+000  0.000000e+000  0.000000e+000  0.000000e+000  0.000000e+000  0.000000e+000  0.000000e+000  0.000000e+000  0.000000e+000  0.000000e+000  0.000000e+000  0.000000e+000  0.000000e+000  0.000000e+000  
0.000000e+000  0.000000e+000  0.000000e+000  0.000000e+000  0.000000e+000  0.000000e+000  0.000000e+000  0.000000e+000  0.000000e+000  0.000000e+000  0.000000e+000  0.000000e+000  0.000000e+000  0.000000e+000  
0.000000e+000  0.000000e+000  0.000000e+000  0.000000e+000  0.000000e+000  0.000000e+000  0.000000e+000  0.000000e+000  0.000000e+000  0.000000e+000  0.000000e+000  0.000000e+000  0.000000e+000  0.000000e+000  
0.000000e+000  0.000000e+000  0.000000e+000  0.000000e+000  0.000000e+000  0.000000e+000  0.000000e+000  0.000000e+000  0.000000e+000  0.000000e+000  0.000000e+000  0.000000e+000  0.000000e+000  0.000000e+000  
0.000000e+000  0.000000e+000  0.000000e+000  0.000000e+000  0.000000e+000  0.000000e+000  0.000000e+000  0.000000e+000  0.000000e+000  0.000000e+000  0.000000e+000  0.000000e+000  0.000000e+000  0.000000e+000  
0.000000e+000  0.000000e+000  0.000000e+000  0.000000e+000  0.000000e+000  0.000000e+000  0.000000e+000  0.000000e+000  0.000000e+000  0.000000e+000  0.000000e+000  0.000000e+000  0.000000e+000  0.000000e+000  
0.000000e+000  0.000000e+000  0.000000e+000  0.000000e+000  0.000000e+000  0.000000e+000  0.000000e+000  0.000000e+000  0.000000e+000  0.000000e+000  0.000000e+000  0.000000e+000  0.000000e+000  0.000000e+000  
0.000000e+000  0.000000e+000  0.000000e+000  0.000000e+000  0.000000e+000  0.000000e+000  0.000000e+000  0.000000e+000  0.000000e+000  0.000000e+000  0.000000e+000  0.000000e+000  0.000000e+000  0.000000e+000  
0.000000e+000  0.000000e+000  0.000000e+000  0.000000e+000  0.000000e+000  0.000000e+000  0.000000e+000  0.000000e+000  0.000000e+000  0.000000e+000  0.000000e+000  0.000000e+000  0.000000e+000  0.000000e+000  
0.000000e+000  0.000000e+000  0.000000e+000  0.000000e+000  0.000000e+000  0.000000e+000  0.000000e+000  0.000000e+000  0.000000e+000  0.000000e+000  0.000000e+000  0.000000e+000  0.000000e+000  0.000000e+000  
0.000000e+000  0.000000e+000  0.000000e+000  0.000000e+000  0.000000e+000  0.000000e+000  0.000000e+000  0.000000e+000  0.000000e+000  0.000000e+000  0.000000e+000  0.000000e+000  0.000000e+000  0.000000e+000  
0.000000e+000  0.000000e+000  0.000000e+000  0.000000e+000  0.000000e+000  0.000000e+000  0.000000e+000  0.000000e+000  0.000000e+000  0.000000e+000  0.000000e+000  0.000000e+000  0.000000e+000  0.000000e+000  
0.000000e+000  0.000000e+000  0.000000e+000  0.000000e+000  0.000000e+000  0.000000e+000  0.000000e+000  0.000000e+000  0.000000e+000  0.000000e+000  0.000000e+000  0.000000e+000  0.000000e+000  0.000000e+000  
0.000000e+000  0.000000e+000  0.000000e+000  0.000000e+000  0.000000e+000  0.000000e+000  0.000000e+000  0.000000e+000  0.000000e+000  0.000000e+000  0.000000e+000  0.000000e+000  0.000000e+000  0.000000e+000  
0.000000e+000  0.000000e+000  0.000000e+000  0.000000e+000  0.000000e+000  0.000000e+000  0.000000e+000  0.000000e+000  0.000000e+000  0.000000e+000  0.000000e+000  0.000000e+000  0.000000e+000  0.000000e+000  
0.000000e+000  0.000000e+000  0.000000e+000  0.000000e+000  0.000000e+000  0.000000e+000  0.000000e+000  0.000000e+000  0.000000e+000  0.000000e+000  0.000000e+000  0.000000e+000  0.000000e+000  0.000000e+000  
0.000000e+000  0.000000e+000  0.000000e+000  0.000000e+000  0.000000e+000  0.000000e+000  0.000000e+000  0.000000e+000  0.000000e+000  0.000000e+000  0.000000e+000  0.000000e+000  0.000000e+000  0.000000e+000  
0.000000e+000  0.000000e+000  0.000000e+000  0.000000e+000  0.000000e+000  0.000000e+000  0.000000e+000  0.000000e+000  0.000000e+000  0.000000e+000  0.000000e+000  0.000000e+000  0.000000e+000  0.000000e+000  
0.000000e+000  0.000000e+000  0.000000e+000  0.000000e+000  0.000000e+000  0.000000e+000  0.000000e+000  0.000000e+000  0.000000e+000  0.000000e+000  0.000000e+000  0.000000e+000  0.000000e+000  0.000000e+000  
0.000000e+000  0.000000e+000  0.000000e+000  0.000000e+000  0.000000e+000  0.000000e+000  0.000000e+000  0.000000e+000  0.000000e+000  0.000000e+000  0.000000e+000  0.000000e+000  0.000000e+000  0.000000e+000  
0.000000e+000  0.000000e+000  0.000000e+000  0.000000e+000  0.000000e+000  0.000000e+000  0.000000e+000  0.000000e+000  0.000000e+000  0.000000e+000  0.000000e+000  0.000000e+000  0.000000e+000  0.000000e+000  
0.000000e+000  0.000000e+000  0.000000e+000  0.000000e+000  0.000000e+000  0.000000e+000  0.000000e+000  0.000000e+000  0.000000e+000  0.000000e+000  0.000000e+000  0.000000e+000  0.000000e+000  0.000000e+000  

0.000000e+000  0.000000e+000  0.000000e+000  0.000000e+000  0.000000e+000  0.000000e+000  0.000000e+000  0.000000e+000  0.000000e+000  0.000000e+000  0.000000e+000  0.000000e+000  0.000000e+000  0.000000e+000  
0.000000e+000  0.000000e+000  0.000000e+000  0.000000e+000  0.000000e+000  0.000000e+000  0.000000e+000  0.000000e+000  0.000000e+000  0.000000e+000  0.000000e+000  0.000000e+000  0.000000e+000  0.000000e+000  
0.000000e+000  0.000000e+000  0.000000e+000  0.000000e+000  0.000000e+000  0.000000e+000  0.000000e+000  0.000000e+000  0.000000e+000  0.000000e+000  0.000000e+000  0.000000e+000  0.000000e+000  0.000000e+000  
0.000000e+000  0.000000e+000  0.000000e+000  0.000000e+000  0.000000e+000  0.000000e+000  0.000000e+000  0.000000e+000  0.000000e+000  0.000000e+000  0.000000e+000  0.000000e+000  0.000000e+000  0.000000e+000  
0.000000e+000  0.000000e+000  0.000000e+000  0.000000e+000  0.000000e+000  0.000000e+000  0.000000e+000  0.000000e+000  0.000000e+000  0.000000e+000  0.000000e+000  0.000000e+000  0.000000e+000  0.000000e+000  
0.000000e+000  0.000000e+000  0.000000e+000  0.000000e+000  0.000000e+000  0.000000e+000  0.000000e+000  0.000000e+000  0.000000e+000  0.000000e+000  0.000000e+000  0.000000e+000  0.000000e+000  0.000000e+000  
0.000000e+000  0.000000e+000  0.000000e+000  0.000000e+000  0.000000e+000  0.000000e+000  0.000000e+000  0.000000e+000  0.000000e+000  0.000000e+000  0.000000e+000  0.000000e+000  0.000000e+000  0.000000e+000  
0.000000e+000  0.000000e+000  0.000000e+000  0.000000e+000  0.000000e+000  0.000000e+000  0.000000e+000  0.000000e+000  0.000000e+000  0.000000e+000  0.000000e+000  0.000000e+000  0.000000e+000  0.000000e+000  
0.000000e+000  0.000000e+000  0.000000e+000  0.000000e+000  0.000000e+000  0.000000e+000  0.000000e+000  0.000000e+000  0.000000e+000  0.000000e+000  0.000000e+000  0.000000e+000  0.000000e+000  0.000000e+000  
0.000000e+000  0.000000e+000  0.000000e+000  0.000000e+000  0.000000e+000  0.000000e+000  0.000000e+000  0.000000e+000  0.000000e+000  0.000000e+000  0.000000e+000  0.000000e+000  0.000000e+000  0.000000e+000  
0.000000e+000  0.000000e+000  0.000000e+000  0.000000e+000  0.000000e+000  0.000000e+000  0.000000e+000  0.000000e+000  0.000000e+000  0.000000e+000  0.000000e+000  0.000000e+000  0.000000e+000  0.000000e+000  
0.000000e+000  0.000000e+000  0.000000e+000  0.000000e+000  0.000000e+000  0.000000e+000  0.000000e+000  0.000000e+000  0.000000e+000  0.000000e+000  0.000000e+000  0.000000e+000  0.000000e+000  0.000000e+000  
0.000000e+000  0.000000e+000  0.000000e+000  0.000000e+000  0.000000e+000  0.000000e+000  0.000000e+000  0.000000e+000  0.000000e+000  0.000000e+000  0.000000e+000  0.000000e+000  0.000000e+000  0.000000e+000  
0.000000e+000  0.000000e+000  0.000000e+000  0.000000e+000  0.000000e+000  0.000000e+000  0.000000e+000  0.000000e+000  0.000000e+000  0.000000e+000  0.000000e+000  0.000000e+000  0.000000e+000  0.000000e+000  
0.000000e+000  0.000000e+000  0.000000e+000  0.000000e+000  0.000000e+000  0.000000e+000  0.000000e+000  0.000000e+000  0.000000e+000  0.000000e+000  0.000000e+000  0.000000e+000  0.000000e+000  0.000000e+000  
0.000000e+000  0.000000e+000  0.000000e+000  0.000000e+000  0.000000e+000  0.000000e+000  0.000000e+000  0.000000e+000  0.000000e+000  0.000000e+000  0.000000e+000  0.000000e+000  0.000000e+000  0.000000e+000  
0.000000e+000  0.000000e+000  0.000000e+000  0.000000e+000  0.000000e+000  0.000000e+000  0.000000e+000  0.000000e+000  0.000000e+000  0.000000e+000  0.000000e+000  0.000000e+000  0.000000e+000  0.000000e+000  
0.000000e+000  0.000000e+000  0.000000e+000  0.000000e+000  0.000000e+000  0.000000e+000  0.000000e+000  0.000000e+000  0.000000e+000  0.000000e+000  0.000000e+000  0.000000e+000  0.000000e+000  0.000000e+000  
0.000000e+000  0.000000e+000  0.000000e+000  0.000000e+000  0.000000e+000  0.000000e+000  0.000000e+000  0.000000e+000  0.000000e+000  0.000000e+000  0.000000e+000  0.000000e+000  0.000000e+000  0.000000e+000  
0.000000e+000  0.000000e+000  0.000000e+000  0.000000e+000  0.000000e+000  0.000000e+000  0.000000e+000  0.000000e+000  0.000000e+000  0.000000e+000  0.000000e+000  0.000000e+000  0.000000e+000  0.000000e+000  
0.000000e+000  0.000000e+000  0.000000e+000  0.000000e+000  0.000000e+000  0.000000e+000  0.000000e+000  0.000000e+000  0.000000e+000  0.000000e+000  0.000000e+000  0.000000e+000  0.000000e+000  0.000000e+000  
0.000000e+000  0.000000e+000  0.000000e+000  0.000000e+000  0.000000e+000  0.000000e+000  0.000000e+000  0.000000e+000  0.000000e+000  0.000000e+000  0.000000e+000  0.000000e+000  0.000000e+000  0.000000e+000  
0.000000e+000  0.000000e+000  0.000000e+000  0.000000e+000  0.000000e+000  0.000000e+000  0.000000e+000  0.000000e+000  0.000000e+000  0.000000e+000  0.000000e+000  0.000000e+000  0.000000e+000  0.000000e+000  
0.000000e+000  0.000000e+000  0.000000e+000  0.000000e+000  0.000000e+000  0.000000e+000  0.000000e+000  0.000000e+000  0.000000e+000  0.000000e+000  0.000000e+000  0.000000e+000  0.000000e+000  0.000000e+000  
0.000000e+000  0.000000e+000  0.000000e+000  0.000000e+000  0.000000e+000  0.000000e+000  0.000000e+000  0.000000e+000  0.000000e+000  0.000000e+000  0.000000e+000  0.000000e+000  0.000000e+000  0.000000e+000  
0.000000e+000  0.000000e+000  0.000000e+000  0.000000e+000  0.000000e+000  0.000000e+000  0.000000e+000  0.000000e+000  0.000000e+000  0.000000e+000  0.000000e+000  0.000000e+000  0.000000e+000  0.000000e+000  
0.000000e+000  0.000000e+000  0.000000e+000  0.000000e+000  0.000000e+000  0.000000e+000  0.000000e+000  0.000000e+000  0.000000e+000  0.000000e+000  0.000000e+000  0.000000e+000  0.000000e+000  0.000000e+000  

0.000000e+000  0.000000e+000  0.000000e+000  0.000000e+000  0.000000e+000  0.000000e+000  0.000000e+000  0.000000e+000  0.000000e+000  0.000000e+000  0.000000e+000  0.000000e+000  0.000000e+000  0.000000e+000  
0.000000e+000  0.000000e+000  0.000000e+000  0.000000e+000  0.000000e+000  0.000000e+000  0.000000e+000  0.000000e+000  0.000000e+000  0.000000e+000  0.000000e+000  0.000000e+000  0.000000e+000  0.000000e+000  
0.000000e+000  0.000000e+000  0.000000e+000  0.000000e+000  0.000000e+000  0.000000e+000  0.000000e+000  0.000000e+000  0.000000e+000  0.000000e+000  0.000000e+000  0.000000e+000  0.000000e+000  0.000000e+000  
0.000000e+000  0.000000e+000  0.000000e+000  0.000000e+000  0.000000e+000  0.000000e+000  0.000000e+000  0.000000e+000  0.000000e+000  0.000000e+000  0.000000e+000  0.000000e+000  0.000000e+000  0.000000e+000  
0.000000e+000  0.000000e+000  0.000000e+000  0.000000e+000  0.000000e+000  0.000000e+000  0.000000e+000  0.000000e+000  0.000000e+000  0.000000e+000  0.000000e+000  0.000000e+000  0.000000e+000  0.000000e+000  
0.000000e+000  0.000000e+000  0.000000e+000  0.000000e+000  0.000000e+000  0.000000e+000  0.000000e+000  0.000000e+000  0.000000e+000  0.000000e+000  0.000000e+000  0.000000e+000  0.000000e+000  0.000000e+000  
0.000000e+000  0.000000e+000  0.000000e+000  0.000000e+000  0.000000e+000  0.000000e+000  0.000000e+000  0.000000e+000  0.000000e+000  0.000000e+000  0.000000e+000  0.000000e+000  0.000000e+000  0.000000e+000  
0.000000e+000  0.000000e+000  0.000000e+000  0.000000e+000  0.000000e+000  0.000000e+000  0.000000e+000  0.000000e+000  0.000000e+000  0.000000e+000  0.000000e+000  0.000000e+000  0.000000e+000  0.000000e+000  
0.000000e+000  0.000000e+000  0.000000e+000  0.000000e+000  0.000000e+000  0.000000e+000  0.000000e+000  0.000000e+000  0.000000e+000  0.000000e+000  0.000000e+000  0.000000e+000  0.000000e+000  0.000000e+000  
0.000000e+000  0.000000e+000  0.000000e+000  0.000000e+000  0.000000e+000  0.000000e+000  0.000000e+000  0.000000e+000  0.000000e+000  0.000000e+000  0.000000e+000  0.000000e+000  0.000000e+000  0.000000e+000  
0.000000e+000  0.000000e+000  0.000000e+000  0.000000e+000  0.000000e+000  0.000000e+000  0.000000e+000  0.000000e+000  0.000000e+000  0.000000e+000  0.000000e+000  0.000000e+000  0.000000e+000  0.000000e+000  
0.000000e+000  0.000000e+000  0.000000e+000  0.000000e+000  0.000000e+000  0.000000e+000  0.000000e+000  0.000000e+000  0.000000e+000  0.000000e+000  0.000000e+000  0.000000e+000  0.000000e+000  0.000000e+000  
0.000000e+000  0.000000e+000  0.000000e+000  0.000000e+000  0.000000e+000  0.000000e+000  0.000000e+000  0.000000e+000  0.000000e+000  0.000000e+000  0.000000e+000  0.000000e+000  0.000000e+000  0.000000e+000  
0.000000e+000  0.000000e+000  0.000000e+000  0.000000e+000  0.000000e+000  0.000000e+000  0.000000e+000  0.000000e+000  0.000000e+000  0.000000e+000  0.000000e+000  0.000000e+000  0.000000e+000  0.000000e+000  
0.000000e+000  0.000000e+000  0.000000e+000  0.000000e+000  0.000000e+000  0.000000e+000  0.000000e+000  0.000000e+000  0.000000e+000  0.000000e+000  0.000000e+000  0.000000e+000  0.000000e+000  0.000000e+000  
0.000000e+000  0.000000e+000  0.000000e+000  0.000000e+000  0.000000e+000  0.000000e+000  0.000000e+000  0.000000e+000  0.000000e+000  0.000000e+000  0.000000e+000  0.000000e+000  0.000000e+000  0.000000e+000  
0.000000e+000  0.000000e+000  0.000000e+000  0.000000e+000  0.000000e+000  0.000000e+000  0.000000e+000  0.000000e+000  0.000000e+000  0.000000e+000  0.000000e+000  0.000000e+000  0.000000e+000  0.000000e+000  
0.000000e+000  0.000000e+000  0.000000e+000  0.000000e+000  0.000000e+000  0.000000e+000  0.000000e+000  0.000000e+000  0.000000e+000  0.000000e+000  0.000000e+000  0.000000e+000  0.000000e+000  0.000000e+000  
0.000000e+000  0.000000e+000  0.000000e+000  0.000000e+000  0.000000e+000  0.000000e+000  0.000000e+000  0.000000e+000  0.000000e+000  0.000000e+000  0.000000e+000  0.000000e+000  0.000000e+000  0.000000e+000  
0.000000e+000  0.000000e+000  0.000000e+000  0.000000e+000  0.000000e+000  0.000000e+000  0.000000e+000  0.000000e+000  0.000000e+000  0.000000e+000  0.000000e+000  0.000000e+000  0.000000e+000  0.000000e+000  
0.000000e+000  0.000000e+000  0.000000e+000  0.000000e+000  0.000000e+000  0.000000e+000  0.000000e+000  0.000000e+000  0.000000e+000  0.000000e+000  0.000000e+000  0.000000e+000  0.000000e+000  0.000000e+000  
0.000000e+000  0.000000e+000  0.000000e+000  0.000000e+000  0.000000e+000  0.000000e+000  0.000000e+000  0.000000e+000  0.000000e+000  0.000000e+000  0.000000e+000  0.000000e+000  0.000000e+000  0.000000e+000  
0.000000e+000  0.000000e+000  0.000000e+000  0.000000e+000  0.000000e+000  0.000000e+000  0.000000e+000  0.000000e+000  0.000000e+000  0.000000e+000  0.000000e+000  0.000000e+000  0.000000e+000  0.000000e+000  
0.000000e+000  0.000000e+000  0.000000e+000  0.000000e+000  0.000000e+000  0.000000e+000  0.000000e+000  0.000000e+000  0.000000e+000  0.000000e+000  0.000000e+000  0.000000e+000  0.000000e+000  0.000000e+000  
0.000000e+000  0.000000e+000  0.000000e+000  0.000000e+000  0.000000e+000  0.000000e+000  0.000000e+000  0.000000e+000  0.000000e+000  0.000000e+000  0.000000e+000  0.000000e+000  0.000000e+000  0.000000e+000  
0.000000e+000  0.000000e+000  0.000000e+000  0.000000e+000  0.000000e+000  0.000000e+000  0.000000e+000  0.000000e+000  0.000000e+000  0.000000e+000  0.000000e+000  0.000000e+000  0.000000e+000  0.000000e+000  
0.000000e+000  0.000000e+000  0.000000e+000  0.000000e+000  0.000000e+000  0.000000e+000  0.000000e+000  0.000000e+000  0.000000e+000  0.000000e+000  0.000000e+000  0.000000e+000  0.000000e+000  0.000000e+000  

-2.164805e-005  -8.805860e-005  1.547726e-004  9.769752e-005  6.698086e-005  -0.000000e+000  -0.000000e+000  -0.000000e+000  -0.000000e+000  -0.000000e+000  -0.000000e+000  -0.000000e+000  -0.000000e+000  -0.000000e+000  
-5.042563e-006  2.683180e-006  5.088832e-005  5.551843e-005  4.898386e-005  4.198283e-005  3.752267e-005  3.388898e-005  3.088012e-005  -0.000000e+000  -0.000000e+000  -0.000000e+000  -0.000000e+000  -0.000000e+000  
2.105479e-006  1.365565e-005  2.776314e-005  3.403175e-005  3.446793e-005  3.255956e-005  3.062735e-005  2.858130e-005  2.653507e-005  2.377802e-005  -0.000000e+000  -0.000000e+000  -0.000000e+000  -0.000000e+000  
4.055879e-006  1.278108e-005  1.916678e-005  2.335540e-005  2.499874e-005  2.484328e-005  2.421450e-005  2.327661e-005  2.216494e-005  2.041980e-005  1.813051e-005  -0.000000e+000  -0.000000e+000  -0.000000e+000  
4.280578e-006  1.140239e-005  1.587227e-005  1.901481e-005  2.056013e-005  2.075947e-005  2.050203e-005  1.995653e-005  1.922182e-005  1.798267e-005  1.616665e-005  1.453761e-005  -0.000000e+000  -0.000000e+000  
4.323109e-006  1.064171e-005  1.430597e-005  1.689313e-005  1.826197e-005  1.854074e-005  1.841039e-005  1.802380e-005  1.745781e-005  1.646484e-005  1.492457e-005  1.343786e-005  -0.000000e+000  -0.000000e+000  
4.382948e-006  1.010373e-005  1.316210e-005  1.524937e-005  1.637027e-005  1.662936e-005  1.654793e-005  1.625149e-005  1.579795e-005  1.498611e-005  1.367042e-005  1.235169e-005  -0.000000e+000  -0.000000e+000  
4.549772e-006  9.870362e-006  1.239879e-005  1.398427e-005  1.479676e-005  1.496730e-005  1.487773e-005  1.461960e-005  1.423459e-005  1.355037e-005  1.241687e-005  1.124292e-005  -0.000000e+000  -0.000000e+000  
5.072978e-006  1.009139e-005  1.187981e-005  1.272678e-005  1.305604e-005  1.304529e-005  1.288990e-005  1.263344e-005  1.229591e-005  1.172518e-005  1.078798e-005  9.814508e-006  8.923163e-006  -0.000000e+000  
-0.000000e+000  -0.000000e+000  1.184121e-005  1.170940e-005  1.129461e-005  1.098541e-005  1.070409e-005  1.040321e-005  1.007906e-005  9.584814e-006  8.828783e-006  8.055507e-006  7.305799e-006  -0.000000e+000  
-0.000000e+000  -0.000000e+000  -0.000000e+000  1.043802e-005  9.514454e-006  8.951701e-006  8.566571e-006  8.229167e-006  7.915639e-006  7.482489e-006  6.880946e-006  6.284266e-006  5.707657e-006  -0.000000e+000  
-0.000000e+000  -0.000000e+000  -0.000000e+000  -0.000000e+000  7.381325e-006  6.726101e-006  6.324129e-006  6.003822e-006  5.731040e-006  5.379381e-006  4.931691e-006  4.502592e-006  4.090540e-006  -0.000000e+000  
-0.000000e+000  -0.000000e+000  -0.000000e+000  -0.000000e+000  3.336073e-006  2.898152e-006  2.666759e-006  2.489152e-006  2.346840e-006  2.174891e-006  1.979995e-006  1.804525e-006  1.641783e-006  -0.000000e+000  
-0.000000e+000  -0.000000e+000  -0.000000e+000  -0.000000e+000  -3.336002e-006  -2.898079e-006  -2.666678e-006  -2.489063e-006  -2.346745e-006  -2.174788e-006  -1.979883e-006  -1.804410e-006  -1.641666e-006  -0.000000e+000  
-0.000000e+000  -0.000000e+000  -0.000000e+000  -0.000000e+000  -7.381317e-006  -6.726048e-006  -6.324052e-006  -6.003729e-006  -5.730936e-006  -5.379267e-006  -4.931573e-006  -4.502472e-006  -4.090420e-006  -0.000000e+000  
-0.000000e+000  -0.000000e+000  -0.000000e+000  -1.043564e-005  -9.514530e-006  -8.951645e-006  -8.566473e-006  -8.229056e-006  -7.915521e-006  -7.482367e-006  -6.880823e-006  -6.284143e-006  -5.707535e-006  -0.000000e+000  
-0.000000e+000  -0.000000e+000  -1.183855e-005  -1.170829e-005  -1.129424e-005  -1.098519e-005  -1.070392e-005  -1.040306e-005  -1.007893e-005  -9.584681e-006  -8.828655e-006  -8.055381e-006  -7.305674e-006  -0.000000e+000  
-5.073001e-006  -1.009149e-005  -1.188001e-005  -1.272645e-005  -1.305576e-005  -1.304507e-005  -1.288972e-005  -1.263327e-005  -1.229577e-005  -1.172503e-005  -1.078785e-005  -9.814378e-006  -8.923036e-006  -0.000000e+000  
-4.549782e-006  -9.870402e-006  -1.239881e-005  -1.398410e-005  -1.479655e-005  -1.496711e-005  -1.487755e-005  -1.461944e-005  -1.423444e-005  -1.355023e-005  -1.241673e-005  -1.124278e-005  -0.000000e+000  -0.000000e+000  
-4.382951e-006  -1.010373e-005  -1.316208e-005  -1.524924e-005  -1.637010e-005  -1.662918e-005  -1.654777e-005  -1.625134e-005  -1.579780e-005  -1.498596e-005  -1.367029e-005  -1.235155e-005  -0.000000e+000  -0.000000e+000  
-4.323107e-006  -1.064170e-005  -1.430592e-005  -1.689302e-005  -1.826182e-005  -1.854060e-005  -1.841024e-005  -1.802365e-005  -1.745766e-005  -1.646470e-005  -1.492443e-005  -1.343772e-005  -0.000000e+000  -0.000000e+000  
-4.280572e-006  -1.140236e-005  -1.587221e-005  -1.901470e-005  -2.056000e-005  -2.075932e-005  -2.050189e-005  -1.995639e-005  -1.922168e-005  -1.798253e-005  -1.616651e-005  -1.453752e-005  -0.000000e+000  -0.000000e+000  
-4.055867e-006  -1.278103e-005  -1.916671e-005  -2.335530e-005  -2.499862e-005  -2.484316e-005  -2.421437e-005  -2.327647e-005  -2.216480e-005  -2.041966e-005  -1.813037e-005  -0.000000e+000  -0.000000e+000  -0.000000e+000  
-2.105467e-006  -1.365560e-005  -2.776306e-005  -3.403164e-005  -3.446780e-005  -3.255943e-005  -3.062722e-005  -2.858117e-005  -2.653494e-005  -2.377788e-005  -0.000000e+000  -0.000000e+000  -0.000000e+000  -0.000000e+000  
5.042564e-006  -2.683150e-006  -5.088821e-005  -5.551829e-005  -4.898372e-005  -4.198270e-005  -3.752253e-005  -3.388884e-005  -3.088002e-005  -0.000000e+000  -0.000000e+000  -0.000000e+000  -0.000000e+000  -0.000000e+000  
2.164803e-005  8.805849e-005  -1.547724e-004  -9.769733e-005  -6.698070e-005  -0.000000e+000  -0.000000e+000  -0.000000e+000  -0.000000e+000  -0.000000e+000  -0.000000e+000  -0.000000e+000  -0.000000e+000  -0.000000e+000  
-0.000000e+000  -0.000000e+000  -0.000000e+000  -0.000000e+000  -0.000000e+000  -0.000000e+000  -0.000000e+000  -0.000000e+000  -0.000000e+000  -0.000000e+000  -0.000000e+000  -0.000000e+000  -0.000000e+000  -0.000000e+000  

