2024-11-10 21:59:01   *** Warning ***

                      This software is licensed for personal and educational purposes only.

                      ------------------------------------------------------------------------------
2024-11-10 21:59:20   *** Warning ***

                      This software is licensed for personal and educational purposes only.

                      ------------------------------------------------------------------------------
2024-11-10 21:59:21   
                      Solver started at: 2024-11-10 21:59:21 +0000

                        Module:  Time Domain: S-Parameter (Win 64)
                        Version: 2024.4 Release from 2024-04-30 (change 1266454)

2024-11-10 21:59:21   

                      ------------------------------------------------------------------------------
2024-11-10 21:59:21   

                      ------------------------------------------------------------------------------
2024-11-10 21:59:21   ======================================================================
                       Solver cycle: 1
                      ======================================================================

                      Stimulation at port 1 (mode 1) 



                      ------------------------------------------------------------------------------
2024-11-10 21:59:21   Units settings: 

                        Dimensions: mm
                        Frequency:  GHz
                        Time:       ns

                      ------------------------------------------------------------------------------
2024-11-10 21:59:21   The dispersive material update [Automatic] will be performed using the "Standard" update schema

                      ------------------------------------------------------------------------------
2024-11-10 21:59:26   Mesh statistics:

                         Hexahedral mesh type: Perfect Boundary Approximation (PBA)
                            Version: default

                         Parallelization type: domain decomposition
                            Number of parallel working threads: 1
                            Number of calculation domains used: 1

                         Used point accuracy enhancement value: 75.00%.
                         Acceleration mode: CPU
                         PBA fill limit: 99.00% (inverse)

2024-11-10 21:59:27   Using Generalized port mode solver.

                      ------------------------------------------------------------------------------
2024-11-10 21:59:28   Boundary conditions: 

                        YZsymmetry: magnetic
                        XZsymmetry: none
                        XYsymmetry: none

                        Xmin: electric
                        Xmax: electric

                        Ymin: electric
                        Ymax: electric

                        Zmin: electric
                        Zmax: electric

                        PML-Type: ---

                      ------------------------------------------------------------------------------
2024-11-10 21:59:28   Frequency settings: 

                        Fmin:         0
                        Fmax:         18
                        Nfsteps(lin): 1001

                      ------------------------------------------------------------------------------
2024-11-10 21:59:28   Field update statistics:

                        Number of components in total: 	24356

                      Subcycling state:      			Automatically deactivated

                      ------------------------------------------------------------------------------
2024-11-10 21:59:28   Waveguide boundaries:

2024-11-10 21:59:28   Port: 1

2024-11-10 21:59:28     --------------------------------- F-Calc 9 ---------------------------------
                        Port   Mode   Type        Z-Wave        Z-Wave-Sigma  Z-Line        F-Cutoff
                        1      1      TEM         377           1.13e-005     50.7          0.0
                        ----------------------------------------------------------------------------

2024-11-10 21:59:28   Port: 2

2024-11-10 21:59:28     --------------------------------- F-Calc 9 ---------------------------------
                        Port   Mode   Type        Z-Wave        Z-Wave-Sigma  Z-Line        F-Cutoff
                        2      1      TEM         377           1.14e-005     50.7          0.0
                        ----------------------------------------------------------------------------

2024-11-10 21:59:30   
                      --------------------------------------------------------------------------------
2024-11-10 21:59:30   Steady state energy criterion met, solver finished successfully.

                      ------------------------------------------------------------------------------
2024-11-10 21:59:30   Frequency domain results normalized to default signal.


                      ------------------------------------------------------------------------------
2024-11-10 21:59:30   
                        ----------------------------------------------------------------------------
                                            Peak memory used (kB)         Free physical memory (kB) 
                                                                          At begin     Minimum      
                        ----------------------------------------------------------------------------
                        Matrices calc.      41992                         16937500     16912109     
                        Solver run total    44344                         16998272     16931400     
                        ----------------------------------------------------------------------------

                      --------------------------------------------------------------------------------
                      Solver Statistics:

                        Hardware:
                           Computer name:                 	Valder-Lap-4070 

                           Number of CPU threads:               8
                           Hardware info:                  	Hardware Accelerator Device not activated

                        Number of mesh cells:             	3600
                        Excitation duration:              	1.97474930e-001 ns 
                        Calculation time for excitation:  	0 	s
                        Number of calculated pulse widths:	1.67953 
                        Steady state accuracy limit:      	-40	dB 
                        Simulated number of time steps:   	1008 
                        Maximum number of time steps:     	12003 
                        Time step width:
                           without subcycles:             	3.290337820e-004 ns
                           used:                          	3.290337820e-004 ns

                        Matrix calculation time:          	5 	s
                        Solver setup time:                	3 	s
                        Solver loop time:                 	0 	s
                        Solver post-processing time:      	0 	s
                                                          	------------
                        Total solver time:                	8 	s

                      ------------------------------------------------------------------------------
2024-11-10 21:59:30   ======================================================================
                       Solver cycle: 2
                      ======================================================================

                      Stimulation at port 2 (mode 1) 



                      ------------------------------------------------------------------------------
2024-11-10 21:59:30   Units settings: 

                        Dimensions: mm
                        Frequency:  GHz
                        Time:       ns

                      ------------------------------------------------------------------------------
2024-11-10 21:59:30   The dispersive material update will be performed using the "Standard" update schema

                      ------------------------------------------------------------------------------
2024-11-10 21:59:31   Boundary conditions: 

                        YZsymmetry: magnetic
                        XZsymmetry: none
                        XYsymmetry: none

                        Xmin: electric
                        Xmax: electric

                        Ymin: electric
                        Ymax: electric

                        Zmin: electric
                        Zmax: electric

                        PML-Type: ---

                      ------------------------------------------------------------------------------
2024-11-10 21:59:31   Frequency settings: 

                        Fmin:         0
                        Fmax:         18
                        Nfsteps(lin): 1001

                      ------------------------------------------------------------------------------
2024-11-10 21:59:31   Field update statistics:

                        Number of components in total: 	24356

                      Subcycling state:      			Automatically deactivated

                      ------------------------------------------------------------------------------
2024-11-10 21:59:33   
                      --------------------------------------------------------------------------------
2024-11-10 21:59:33   Steady state energy criterion met, solver finished successfully.

                      ------------------------------------------------------------------------------
2024-11-10 21:59:33   Frequency domain results normalized to default signal.


                      ------------------------------------------------------------------------------
2024-11-10 21:59:33   
                        ----------------------------------------------------------------------------
                                            Peak memory used (kB)         Free physical memory (kB) 
                                                                          At begin     Minimum      
                        ----------------------------------------------------------------------------
                        Matrices calc.      41992                         16937500     16912109     
                        Solver run total    44356                         16978048     16978048     
                        ----------------------------------------------------------------------------

                      --------------------------------------------------------------------------------
                      Solver Statistics:

                        Hardware:
                           Computer name:                 	Valder-Lap-4070 

                           Number of CPU threads:               8
                           Hardware info:                  	Hardware Accelerator Device not activated

                        Number of mesh cells:             	3600
                        Excitation duration:              	1.97474930e-001 ns 
                        Calculation time for excitation:  	0 	s
                        Number of calculated pulse widths:	1.67953 
                        Steady state accuracy limit:      	-40	dB 
                        Simulated number of time steps:   	1008 
                        Maximum number of time steps:     	12003 
                        Time step width:
                           without subcycles:             	3.290337820e-004 ns
                           used:                          	3.290337820e-004 ns

                        Reloading matrices:               	0 	s
                        Solver setup time:                	1 	s
                        Solver loop time:                 	0 	s
                        Solver post-processing time:      	0 	s
                                                          	------------
                        Total solver time:                	1 	s

                      ------------------------------------------------------------------------------
2024-11-10 21:59:33   
                        Adaptive port meshing time:          	19     	s
                        Total solver time (all cycles):      	9      	s
                        Solver initialization and clean-up:  	3      	s
                                                             	------------
                        Total simulation time:               	31     	s

                      ------------------------------------------------------------------------------
2024-11-10 21:59:33   Solver finished at: 2024-11-10 21:59:33 +0000



                      ------------------------------------------------------------------------------
2024-11-10 21:59:34   Creating parametric 1D results for Run ID 6

                      ------------------------------------------------------------------------------
2024-11-10 22:03:00   Line impedance adaptation results found. Adaptive port meshing skipped.

                      ------------------------------------------------------------------------------
2024-11-10 22:03:00   *** Warning ***

                      This software is licensed for personal and educational purposes only.

                      ------------------------------------------------------------------------------
2024-11-10 22:03:00   
                      Solver started at: 2024-11-10 22:03:00 +0000

                        Module:  Time Domain: S-Parameter (Win 64)
                        Version: 2024.4 Release from 2024-04-30 (change 1266454)

2024-11-10 22:03:00   

                      ------------------------------------------------------------------------------
2024-11-10 22:03:00   

                      ------------------------------------------------------------------------------
2024-11-10 22:03:00   ======================================================================
                       Solver cycle: 1
                      ======================================================================

                      Stimulation at port 1 (mode 1) 



                      ------------------------------------------------------------------------------
2024-11-10 22:03:00   Units settings: 

                        Dimensions: mm
                        Frequency:  GHz
                        Time:       ns

                      ------------------------------------------------------------------------------
2024-11-10 22:03:00   The dispersive material update [Automatic] will be performed using the "Standard" update schema

                      ------------------------------------------------------------------------------
2024-11-10 22:03:02   Using Generalized port mode solver.

                      ------------------------------------------------------------------------------
2024-11-10 22:03:02   Boundary conditions: 

                        YZsymmetry: magnetic
                        XZsymmetry: none
                        XYsymmetry: none

                        Xmin: electric
                        Xmax: electric

                        Ymin: electric
                        Ymax: electric

                        Zmin: electric
                        Zmax: electric

                        PML-Type: ---

                      ------------------------------------------------------------------------------
2024-11-10 22:03:02   Frequency settings: 

                        Fmin:         0
                        Fmax:         18
                        Nfsteps(lin): 1001

                      ------------------------------------------------------------------------------
2024-11-10 22:03:02   Field update statistics:

                        Number of components in total: 	24356

                      Subcycling state:      			Automatically deactivated

                      ------------------------------------------------------------------------------
2024-11-10 22:03:02   Waveguide boundaries:

2024-11-10 22:03:02   Port: 1

2024-11-10 22:03:02   Reloaded mode(s) for port 1.

                      ------------------------------------------------------------------------------
2024-11-10 22:03:02   Port: 2

2024-11-10 22:03:02   Reloaded mode(s) for port 2.

                      ------------------------------------------------------------------------------
2024-11-10 22:03:05   
                      --------------------------------------------------------------------------------
2024-11-10 22:03:05   Steady state energy criterion met, solver finished successfully.

                      ------------------------------------------------------------------------------
2024-11-10 22:03:05   Frequency domain results normalized to default signal.


                      ------------------------------------------------------------------------------
2024-11-10 22:03:05   
                        ----------------------------------------------------------------------------
                                            Peak memory used (kB)         Free physical memory (kB) 
                                                                          At begin     Minimum      
                        ----------------------------------------------------------------------------
                        Matrices calc.      41992                         16937500     16912109     
                        Solver run total    35056                         17343880     17343880     
                        ----------------------------------------------------------------------------

                      --------------------------------------------------------------------------------
                      Solver Statistics:

                        Hardware:
                           Computer name:                 	Valder-Lap-4070 

                           Number of CPU threads:               8
                           Hardware info:                  	Hardware Accelerator Device not activated

                        Number of mesh cells:             	3600
                        Excitation duration:              	1.97474930e-001 ns 
                        Calculation time for excitation:  	0 	s
                        Number of calculated pulse widths:	1.67953 
                        Steady state accuracy limit:      	-40	dB 
                        Simulated number of time steps:   	1008 
                        Maximum number of time steps:     	12003 
                        Time step width:
                           without subcycles:             	3.290337820e-004 ns
                           used:                          	3.290337820e-004 ns

                        Reloading matrices:               	0 	s
                        Solver setup time:                	3 	s
                        Solver loop time:                 	0 	s
                        Solver post-processing time:      	0 	s
                                                          	------------
                        Total solver time:                	3 	s

                      ------------------------------------------------------------------------------
2024-11-10 22:03:05   ======================================================================
                       Solver cycle: 2
                      ======================================================================

                      Stimulation at port 2 (mode 1) 



                      ------------------------------------------------------------------------------
2024-11-10 22:03:05   Units settings: 

                        Dimensions: mm
                        Frequency:  GHz
                        Time:       ns

                      ------------------------------------------------------------------------------
2024-11-10 22:03:05   The dispersive material update will be performed using the "Standard" update schema

                      ------------------------------------------------------------------------------
2024-11-10 22:03:06   Boundary conditions: 

                        YZsymmetry: magnetic
                        XZsymmetry: none
                        XYsymmetry: none

                        Xmin: electric
                        Xmax: electric

                        Ymin: electric
                        Ymax: electric

                        Zmin: electric
                        Zmax: electric

                        PML-Type: ---

                      ------------------------------------------------------------------------------
2024-11-10 22:03:06   Frequency settings: 

                        Fmin:         0
                        Fmax:         18
                        Nfsteps(lin): 1001

                      ------------------------------------------------------------------------------
2024-11-10 22:03:06   Field update statistics:

                        Number of components in total: 	24356

                      Subcycling state:      			Automatically deactivated

                      ------------------------------------------------------------------------------
2024-11-10 22:03:08   
                      --------------------------------------------------------------------------------
2024-11-10 22:03:08   Steady state energy criterion met, solver finished successfully.

                      ------------------------------------------------------------------------------
2024-11-10 22:03:08   Frequency domain results normalized to default signal.


                      ------------------------------------------------------------------------------
2024-11-10 22:03:08   
                        ----------------------------------------------------------------------------
                                            Peak memory used (kB)         Free physical memory (kB) 
                                                                          At begin     Minimum      
                        ----------------------------------------------------------------------------
                        Matrices calc.      41992                         16937500     16912109     
                        Solver run total    41424                         17342712     17333184     
                        ----------------------------------------------------------------------------

                      --------------------------------------------------------------------------------
                      Solver Statistics:

                        Hardware:
                           Computer name:                 	Valder-Lap-4070 

                           Number of CPU threads:               8
                           Hardware info:                  	Hardware Accelerator Device not activated

                        Number of mesh cells:             	3600
                        Excitation duration:              	1.97474930e-001 ns 
                        Calculation time for excitation:  	1 	s
                        Number of calculated pulse widths:	1.67953 
                        Steady state accuracy limit:      	-40	dB 
                        Simulated number of time steps:   	1008 
                        Maximum number of time steps:     	12003 
                        Time step width:
                           without subcycles:             	3.290337820e-004 ns
                           used:                          	3.290337820e-004 ns

                        Reloading matrices:               	0 	s
                        Solver setup time:                	1 	s
                        Solver loop time:                 	0 	s
                        Solver post-processing time:      	0 	s
                                                          	------------
                        Total solver time:                	1 	s

                      ------------------------------------------------------------------------------
2024-11-10 22:03:08   
                        Total solver time (all cycles):      	4      	s
                        Solver initialization and clean-up:  	4      	s
                                                             	------------
                        Total simulation time:               	8      	s

                      ------------------------------------------------------------------------------
2024-11-10 22:03:08   Solver finished at: 2024-11-10 22:03:08 +0000



                      ------------------------------------------------------------------------------
2024-11-10 22:03:09   Creating parametric 1D results for Run ID 6

                      ------------------------------------------------------------------------------
