Port monitor named: Port1_e1[9].prt

nx        = 14
ny        = 28
nz        = 3

nu        = 14
nv        = 27
iu        = 1
iv        = 1

idir      = 2
dcut      = 1.200000e-002
icut      = 3
type      = 0
frequency = 9.000000e+009

fcutoff   = 0.000000e+000
alpha     = 0.000000e+000
beta      = 1.886253e+002
accuracy  = 1.164829e-013

type          = TEM
wave imp.     = 3.767330e+002
wave imp.sig. = 2.353923e-002
line imp.     = 5.073793e+001

ref. port     = 0

0.000000e+000  0.000000e+000  0.000000e+000  0.000000e+000  0.000000e+000  0.000000e+000  0.000000e+000  0.000000e+000  0.000000e+000  0.000000e+000  0.000000e+000  0.000000e+000  0.000000e+000  0.000000e+000  
3.788896e+002  8.998267e+002  1.203922e+003  1.472187e+003  1.681920e+003  0.000000e+000  0.000000e+000  0.000000e+000  0.000000e+000  0.000000e+000  0.000000e+000  0.000000e+000  0.000000e+000  0.000000e+000  
4.722783e+002  1.109080e+003  1.483817e+003  1.801480e+003  2.059422e+003  2.234126e+003  2.334361e+003  2.410144e+003  2.442188e+003  0.000000e+000  0.000000e+000  0.000000e+000  0.000000e+000  0.000000e+000  
6.099093e+002  1.410624e+003  1.869487e+003  2.241456e+003  2.525529e+003  2.694501e+003  2.796032e+003  2.869554e+003  2.920891e+003  2.955303e+003  0.000000e+000  0.000000e+000  0.000000e+000  0.000000e+000  
8.180582e+002  1.851070e+003  2.416202e+003  2.844328e+003  3.141448e+003  3.294837e+003  3.375866e+003  3.422559e+003  3.441448e+003  3.436337e+003  3.373050e+003  0.000000e+000  0.000000e+000  0.000000e+000  
9.542515e+002  2.130938e+003  2.753406e+003  3.203657e+003  3.495328e+003  3.629871e+003  3.691645e+003  3.716710e+003  3.712841e+003  3.673266e+003  3.559684e+003  3.460448e+003  0.000000e+000  0.000000e+000  
1.123821e+003  2.474489e+003  3.158315e+003  3.625329e+003  3.900253e+003  4.005611e+003  4.040274e+003  4.036755e+003  4.004383e+003  3.923800e+003  3.766884e+003  3.606574e+003  0.000000e+000  0.000000e+000  
1.337298e+003  2.903202e+003  3.648460e+003  4.122518e+003  4.363441e+003  4.425497e+003  4.423075e+003  4.382622e+003  4.315030e+003  4.185404e+003  3.974842e+003  3.758972e+003  0.000000e+000  0.000000e+000  
1.838219e+003  3.449335e+003  4.245224e+003  4.711360e+003  4.891999e+003  4.891825e+003  4.839910e+003  4.752776e+003  4.642525e+003  4.455449e+003  4.183988e+003  3.904145e+003  0.000000e+000  0.000000e+000  
0.000000e+000  0.000000e+000  5.642642e+003  5.882749e+003  5.882109e+003  5.731445e+003  5.569932e+003  5.385940e+003  5.191629e+003  4.896337e+003  4.521432e+003  4.181115e+003  3.922111e+003  0.000000e+000  
0.000000e+000  0.000000e+000  0.000000e+000  7.295429e+003  7.052798e+003  6.665314e+003  6.351126e+003  6.042595e+003  5.746540e+003  5.326515e+003  4.839193e+003  4.422263e+003  4.071126e+003  0.000000e+000  
0.000000e+000  0.000000e+000  0.000000e+000  0.000000e+000  8.273048e+003  7.611217e+003  7.119441e+003  6.670853e+003  6.264940e+003  5.715312e+003  5.116893e+003  4.625967e+003  4.226882e+003  0.000000e+000  
0.000000e+000  0.000000e+000  0.000000e+000  0.000000e+000  9.368820e+003  8.475542e+003  7.789443e+003  7.201963e+003  6.693435e+003  6.027614e+003  5.333419e+003  4.777406e+003  4.319631e+003  0.000000e+000  
0.000000e+000  0.000000e+000  0.000000e+000  0.000000e+000  0.000000e+000  9.333301e+003  8.455955e+003  7.725007e+003  7.108943e+003  6.321741e+003  5.530552e+003  4.912559e+003  4.413309e+003  0.000000e+000  
0.000000e+000  0.000000e+000  0.000000e+000  0.000000e+000  9.368771e+003  8.475524e+003  7.789440e+003  7.201967e+003  6.693442e+003  6.027621e+003  5.333424e+003  4.777409e+003  4.319634e+003  0.000000e+000  
0.000000e+000  0.000000e+000  0.000000e+000  0.000000e+000  8.272944e+003  7.611224e+003  7.119464e+003  6.670875e+003  6.264958e+003  5.715325e+003  5.116900e+003  4.625972e+003  4.226886e+003  0.000000e+000  
0.000000e+000  0.000000e+000  0.000000e+000  7.293907e+003  7.053321e+003  6.665507e+003  6.351217e+003  6.042644e+003  5.746569e+003  5.326530e+003  4.839201e+003  4.422269e+003  4.071131e+003  0.000000e+000  
0.000000e+000  0.000000e+000  5.639792e+003  5.881944e+003  5.882025e+003  5.731455e+003  5.569956e+003  5.385962e+003  5.191647e+003  4.896348e+003  4.521440e+003  4.181121e+003  3.922116e+003  0.000000e+000  
1.838230e+003  3.449402e+003  4.245424e+003  4.711161e+003  4.891914e+003  4.891794e+003  4.839901e+003  4.752777e+003  4.642529e+003  4.455455e+003  4.183993e+003  3.904150e+003  0.000000e+000  0.000000e+000  
1.337309e+003  2.903251e+003  3.648539e+003  4.122436e+003  4.363381e+003  4.425466e+003  4.423060e+003  4.382616e+003  4.315029e+003  4.185407e+003  3.974846e+003  3.758977e+003  0.000000e+000  0.000000e+000  
1.123830e+003  2.474521e+003  3.158347e+003  3.625292e+003  3.900214e+003  4.005586e+003  4.040259e+003  4.036747e+003  4.004379e+003  3.923801e+003  3.766887e+003  3.606578e+003  0.000000e+000  0.000000e+000  
9.542590e+002  2.130956e+003  2.753419e+003  3.203638e+003  3.495303e+003  3.629852e+003  3.691631e+003  3.716701e+003  3.712836e+003  3.673265e+003  3.559686e+003  3.460451e+003  0.000000e+000  0.000000e+000  
8.180635e+002  1.851080e+003  2.416207e+003  2.844318e+003  3.141432e+003  3.294823e+003  3.375855e+003  3.422551e+003  3.441443e+003  3.436335e+003  3.373052e+003  0.000000e+000  0.000000e+000  0.000000e+000  
6.099113e+002  1.410627e+003  1.869487e+003  2.241451e+003  2.525522e+003  2.694494e+003  2.796025e+003  2.869548e+003  2.920887e+003  2.955301e+003  0.000000e+000  0.000000e+000  0.000000e+000  0.000000e+000  
4.722788e+002  1.109080e+003  1.483815e+003  1.801477e+003  2.059418e+003  2.234121e+003  2.334357e+003  2.410140e+003  2.442185e+003  0.000000e+000  0.000000e+000  0.000000e+000  0.000000e+000  0.000000e+000  
3.788895e+002  8.998258e+002  1.203920e+003  1.472184e+003  1.681917e+003  0.000000e+000  0.000000e+000  0.000000e+000  0.000000e+000  0.000000e+000  0.000000e+000  0.000000e+000  0.000000e+000  0.000000e+000  
0.000000e+000  0.000000e+000  0.000000e+000  0.000000e+000  0.000000e+000  0.000000e+000  0.000000e+000  0.000000e+000  0.000000e+000  0.000000e+000  0.000000e+000  0.000000e+000  0.000000e+000  0.000000e+000  

-4.418819e+003  -4.324638e+003  -4.229736e+003  -4.072914e+003  -3.910712e+003  0.000000e+000  0.000000e+000  0.000000e+000  0.000000e+000  0.000000e+000  0.000000e+000  0.000000e+000  0.000000e+000  0.000000e+000  
-4.934626e+003  -4.797428e+003  -4.643720e+003  -4.438121e+003  -4.196236e+003  -3.918940e+003  -3.774988e+003  -3.600446e+003  -3.466617e+003  0.000000e+000  0.000000e+000  0.000000e+000  0.000000e+000  0.000000e+000  
-5.577570e+003  -5.375375e+003  -5.153874e+003  -4.870577e+003  -4.547390e+003  -4.205008e+003  -3.980871e+003  -3.756103e+003  -3.532436e+003  -3.337324e+003  0.000000e+000  0.000000e+000  0.000000e+000  0.000000e+000  
-6.407880e+003  -6.102086e+003  -5.778554e+003  -5.376962e+003  -4.934118e+003  -4.481691e+003  -4.189413e+003  -3.907117e+003  -3.637882e+003  -3.384445e+003  -2.925896e+003  0.000000e+000  0.000000e+000  0.000000e+000  
-7.221182e+003  -6.786757e+003  -6.340400e+003  -5.802598e+003  -5.229510e+003  -4.665114e+003  -4.310957e+003  -3.977156e+003  -3.666216e+003  -3.379334e+003  -2.878431e+003  -2.433595e+003  0.000000e+000  0.000000e+000  
-7.819502e+003  -7.278615e+003  -6.730690e+003  -6.084908e+003  -5.412389e+003  -4.766581e+003  -4.369395e+003  -4.000868e+003  -3.662556e+003  -3.354375e+003  -2.824706e+003  -2.386656e+003  0.000000e+000  0.000000e+000  
-8.524143e+003  -7.843199e+003  -7.159452e+003  -6.377727e+003  -5.584768e+003  -4.846038e+003  -4.402187e+003  -3.997538e+003  -3.631931e+003  -3.303554e+003  -2.750484e+003  -2.310829e+003  0.000000e+000  0.000000e+000  
-9.362635e+003  -8.497752e+003  -7.626733e+003  -6.674964e+003  -5.735828e+003  -4.892838e+003  -4.399895e+003  -3.959270e+003  -3.567989e+003  -3.221802e+003  -2.650888e+003  -2.208722e+003  0.000000e+000  0.000000e+000  
0.000000e+000  -9.371516e+003  -8.274191e+003  -7.054167e+003  -5.882778e+003  -4.892668e+003  -4.336175e+003  -3.852323e+003  -3.432668e+003  -3.068726e+003  -2.484294e+003  -2.036984e+003  -1.655982e+003  0.000000e+000  
0.000000e+000  0.000000e+000  0.000000e+000  -7.294274e+003  -5.882138e+003  -4.711450e+003  -4.092490e+003  -3.574721e+003  -3.139496e+003  -2.771707e+003  -2.201471e+003  -1.780253e+003  -1.460593e+003  0.000000e+000  
0.000000e+000  0.000000e+000  0.000000e+000  0.000000e+000  -5.639507e+003  -4.245386e+003  -3.618451e+003  -3.109219e+003  -2.692816e+003  -2.349225e+003  -1.833842e+003  -1.465727e+003  -1.195700e+003  0.000000e+000  
0.000000e+000  0.000000e+000  0.000000e+000  0.000000e+000  0.000000e+000  -3.449339e+003  -2.876473e+003  -2.432402e+003  -2.080386e+003  -1.796384e+003  -1.382402e+003  -1.095380e+003  -8.946361e+002  0.000000e+000  
0.000000e+000  0.000000e+000  0.000000e+000  0.000000e+000  0.000000e+000  -1.837690e+003  -1.323721e+003  -1.102842e+003  -9.295079e+002  -7.918108e+002  -5.968657e+002  -4.662073e+002  -3.766285e+002  0.000000e+000  
0.000000e+000  0.000000e+000  0.000000e+000  0.000000e+000  0.000000e+000  1.837680e+003  1.323707e+003  1.102827e+003  9.294936e+002  7.917987e+002  5.968582e+002  4.662032e+002  3.766269e+002  0.000000e+000  
0.000000e+000  0.000000e+000  0.000000e+000  0.000000e+000  0.000000e+000  3.449273e+003  2.876423e+003  2.432369e+003  2.080366e+003  1.796371e+003  1.382397e+003  1.095378e+003  8.946356e+002  0.000000e+000  
0.000000e+000  0.000000e+000  0.000000e+000  0.000000e+000  5.642358e+003  4.245188e+003  3.618376e+003  3.109188e+003  2.692803e+003  2.349219e+003  1.833840e+003  1.465727e+003  1.195701e+003  0.000000e+000  
0.000000e+000  0.000000e+000  0.000000e+000  7.295798e+003  5.882944e+003  4.711648e+003  4.092567e+003  3.574755e+003  3.139512e+003  2.771715e+003  2.201474e+003  1.780255e+003  1.460594e+003  0.000000e+000  
0.000000e+000  9.371572e+003  8.274297e+003  7.053647e+003  5.882863e+003  4.892753e+003  4.336233e+003  3.852359e+003  3.432690e+003  3.068740e+003  2.484300e+003  2.036987e+003  1.655984e+003  0.000000e+000  
9.362656e+003  8.497777e+003  7.626731e+003  6.674768e+003  5.735819e+003  4.892870e+003  4.399926e+003  3.959294e+003  3.568007e+003  3.221815e+003  2.650894e+003  2.208725e+003  0.000000e+000  0.000000e+000  
8.524156e+003  7.843208e+003  7.159432e+003  6.377633e+003  5.584745e+003  4.846048e+003  4.402203e+003  3.997554e+003  3.631944e+003  3.303564e+003  2.750490e+003  2.310832e+003  0.000000e+000  0.000000e+000  
7.819509e+003  7.278615e+003  6.730669e+003  6.084856e+003  5.412368e+003  4.766581e+003  4.369402e+003  4.000876e+003  3.662565e+003  3.354382e+003  2.824711e+003  2.386659e+003  0.000000e+000  0.000000e+000  
7.221184e+003  6.786752e+003  6.340382e+003  5.802567e+003  5.229492e+003  4.665110e+003  4.310959e+003  3.977160e+003  3.666221e+003  3.379338e+003  2.878434e+003  2.433597e+003  0.000000e+000  0.000000e+000  
6.407878e+003  6.102079e+003  5.778541e+003  5.376945e+003  4.934106e+003  4.481685e+003  4.189410e+003  3.907116e+003  3.637883e+003  3.384446e+003  2.925897e+003  0.000000e+000  0.000000e+000  0.000000e+000  
5.577565e+003  5.375367e+003  5.153864e+003  4.870567e+003  4.547381e+003  4.205002e+003  3.980866e+003  3.756100e+003  3.532434e+003  3.337322e+003  0.000000e+000  0.000000e+000  0.000000e+000  0.000000e+000  
4.934620e+003  4.797421e+003  4.643712e+003  4.438113e+003  4.196229e+003  3.918934e+003  3.774982e+003  3.600442e+003  3.466613e+003  0.000000e+000  0.000000e+000  0.000000e+000  0.000000e+000  0.000000e+000  
4.418813e+003  4.324631e+003  4.229730e+003  4.072908e+003  3.910706e+003  0.000000e+000  0.000000e+000  0.000000e+000  0.000000e+000  0.000000e+000  0.000000e+000  0.000000e+000  0.000000e+000  0.000000e+000  
0.000000e+000  0.000000e+000  0.000000e+000  0.000000e+000  0.000000e+000  0.000000e+000  0.000000e+000  0.000000e+000  0.000000e+000  0.000000e+000  0.000000e+000  0.000000e+000  0.000000e+000  0.000000e+000  

0.000000e+000  0.000000e+000  0.000000e+000  0.000000e+000  0.000000e+000  0.000000e+000  0.000000e+000  0.000000e+000  0.000000e+000  0.000000e+000  0.000000e+000  0.000000e+000  0.000000e+000  0.000000e+000  
0.000000e+000  0.000000e+000  0.000000e+000  0.000000e+000  0.000000e+000  0.000000e+000  0.000000e+000  0.000000e+000  0.000000e+000  0.000000e+000  0.000000e+000  0.000000e+000  0.000000e+000  0.000000e+000  
0.000000e+000  0.000000e+000  0.000000e+000  0.000000e+000  0.000000e+000  0.000000e+000  0.000000e+000  0.000000e+000  0.000000e+000  0.000000e+000  0.000000e+000  0.000000e+000  0.000000e+000  0.000000e+000  
0.000000e+000  0.000000e+000  0.000000e+000  0.000000e+000  0.000000e+000  0.000000e+000  0.000000e+000  0.000000e+000  0.000000e+000  0.000000e+000  0.000000e+000  0.000000e+000  0.000000e+000  0.000000e+000  
0.000000e+000  0.000000e+000  0.000000e+000  0.000000e+000  0.000000e+000  0.000000e+000  0.000000e+000  0.000000e+000  0.000000e+000  0.000000e+000  0.000000e+000  0.000000e+000  0.000000e+000  0.000000e+000  
0.000000e+000  0.000000e+000  0.000000e+000  0.000000e+000  0.000000e+000  0.000000e+000  0.000000e+000  0.000000e+000  0.000000e+000  0.000000e+000  0.000000e+000  0.000000e+000  0.000000e+000  0.000000e+000  
0.000000e+000  0.000000e+000  0.000000e+000  0.000000e+000  0.000000e+000  0.000000e+000  0.000000e+000  0.000000e+000  0.000000e+000  0.000000e+000  0.000000e+000  0.000000e+000  0.000000e+000  0.000000e+000  
0.000000e+000  0.000000e+000  0.000000e+000  0.000000e+000  0.000000e+000  0.000000e+000  0.000000e+000  0.000000e+000  0.000000e+000  0.000000e+000  0.000000e+000  0.000000e+000  0.000000e+000  0.000000e+000  
0.000000e+000  0.000000e+000  0.000000e+000  0.000000e+000  0.000000e+000  0.000000e+000  0.000000e+000  0.000000e+000  0.000000e+000  0.000000e+000  0.000000e+000  0.000000e+000  0.000000e+000  0.000000e+000  
0.000000e+000  0.000000e+000  0.000000e+000  0.000000e+000  0.000000e+000  0.000000e+000  0.000000e+000  0.000000e+000  0.000000e+000  0.000000e+000  0.000000e+000  0.000000e+000  0.000000e+000  0.000000e+000  
0.000000e+000  0.000000e+000  0.000000e+000  0.000000e+000  0.000000e+000  0.000000e+000  0.000000e+000  0.000000e+000  0.000000e+000  0.000000e+000  0.000000e+000  0.000000e+000  0.000000e+000  0.000000e+000  
0.000000e+000  0.000000e+000  0.000000e+000  0.000000e+000  0.000000e+000  0.000000e+000  0.000000e+000  0.000000e+000  0.000000e+000  0.000000e+000  0.000000e+000  0.000000e+000  0.000000e+000  0.000000e+000  
0.000000e+000  0.000000e+000  0.000000e+000  0.000000e+000  0.000000e+000  0.000000e+000  0.000000e+000  0.000000e+000  0.000000e+000  0.000000e+000  0.000000e+000  0.000000e+000  0.000000e+000  0.000000e+000  
0.000000e+000  0.000000e+000  0.000000e+000  0.000000e+000  0.000000e+000  0.000000e+000  0.000000e+000  0.000000e+000  0.000000e+000  0.000000e+000  0.000000e+000  0.000000e+000  0.000000e+000  0.000000e+000  
0.000000e+000  0.000000e+000  0.000000e+000  0.000000e+000  0.000000e+000  0.000000e+000  0.000000e+000  0.000000e+000  0.000000e+000  0.000000e+000  0.000000e+000  0.000000e+000  0.000000e+000  0.000000e+000  
0.000000e+000  0.000000e+000  0.000000e+000  0.000000e+000  0.000000e+000  0.000000e+000  0.000000e+000  0.000000e+000  0.000000e+000  0.000000e+000  0.000000e+000  0.000000e+000  0.000000e+000  0.000000e+000  
0.000000e+000  0.000000e+000  0.000000e+000  0.000000e+000  0.000000e+000  0.000000e+000  0.000000e+000  0.000000e+000  0.000000e+000  0.000000e+000  0.000000e+000  0.000000e+000  0.000000e+000  0.000000e+000  
0.000000e+000  0.000000e+000  0.000000e+000  0.000000e+000  0.000000e+000  0.000000e+000  0.000000e+000  0.000000e+000  0.000000e+000  0.000000e+000  0.000000e+000  0.000000e+000  0.000000e+000  0.000000e+000  
0.000000e+000  0.000000e+000  0.000000e+000  0.000000e+000  0.000000e+000  0.000000e+000  0.000000e+000  0.000000e+000  0.000000e+000  0.000000e+000  0.000000e+000  0.000000e+000  0.000000e+000  0.000000e+000  
0.000000e+000  0.000000e+000  0.000000e+000  0.000000e+000  0.000000e+000  0.000000e+000  0.000000e+000  0.000000e+000  0.000000e+000  0.000000e+000  0.000000e+000  0.000000e+000  0.000000e+000  0.000000e+000  
0.000000e+000  0.000000e+000  0.000000e+000  0.000000e+000  0.000000e+000  0.000000e+000  0.000000e+000  0.000000e+000  0.000000e+000  0.000000e+000  0.000000e+000  0.000000e+000  0.000000e+000  0.000000e+000  
0.000000e+000  0.000000e+000  0.000000e+000  0.000000e+000  0.000000e+000  0.000000e+000  0.000000e+000  0.000000e+000  0.000000e+000  0.000000e+000  0.000000e+000  0.000000e+000  0.000000e+000  0.000000e+000  
0.000000e+000  0.000000e+000  0.000000e+000  0.000000e+000  0.000000e+000  0.000000e+000  0.000000e+000  0.000000e+000  0.000000e+000  0.000000e+000  0.000000e+000  0.000000e+000  0.000000e+000  0.000000e+000  
0.000000e+000  0.000000e+000  0.000000e+000  0.000000e+000  0.000000e+000  0.000000e+000  0.000000e+000  0.000000e+000  0.000000e+000  0.000000e+000  0.000000e+000  0.000000e+000  0.000000e+000  0.000000e+000  
0.000000e+000  0.000000e+000  0.000000e+000  0.000000e+000  0.000000e+000  0.000000e+000  0.000000e+000  0.000000e+000  0.000000e+000  0.000000e+000  0.000000e+000  0.000000e+000  0.000000e+000  0.000000e+000  
0.000000e+000  0.000000e+000  0.000000e+000  0.000000e+000  0.000000e+000  0.000000e+000  0.000000e+000  0.000000e+000  0.000000e+000  0.000000e+000  0.000000e+000  0.000000e+000  0.000000e+000  0.000000e+000  
0.000000e+000  0.000000e+000  0.000000e+000  0.000000e+000  0.000000e+000  0.000000e+000  0.000000e+000  0.000000e+000  0.000000e+000  0.000000e+000  0.000000e+000  0.000000e+000  0.000000e+000  0.000000e+000  

0.000000e+000  0.000000e+000  0.000000e+000  0.000000e+000  0.000000e+000  0.000000e+000  0.000000e+000  0.000000e+000  0.000000e+000  0.000000e+000  0.000000e+000  0.000000e+000  0.000000e+000  0.000000e+000  
0.000000e+000  0.000000e+000  0.000000e+000  0.000000e+000  0.000000e+000  0.000000e+000  0.000000e+000  0.000000e+000  0.000000e+000  0.000000e+000  0.000000e+000  0.000000e+000  0.000000e+000  0.000000e+000  
0.000000e+000  0.000000e+000  0.000000e+000  0.000000e+000  0.000000e+000  0.000000e+000  0.000000e+000  0.000000e+000  0.000000e+000  0.000000e+000  0.000000e+000  0.000000e+000  0.000000e+000  0.000000e+000  
0.000000e+000  0.000000e+000  0.000000e+000  0.000000e+000  0.000000e+000  0.000000e+000  0.000000e+000  0.000000e+000  0.000000e+000  0.000000e+000  0.000000e+000  0.000000e+000  0.000000e+000  0.000000e+000  
0.000000e+000  0.000000e+000  0.000000e+000  0.000000e+000  0.000000e+000  0.000000e+000  0.000000e+000  0.000000e+000  0.000000e+000  0.000000e+000  0.000000e+000  0.000000e+000  0.000000e+000  0.000000e+000  
0.000000e+000  0.000000e+000  0.000000e+000  0.000000e+000  0.000000e+000  0.000000e+000  0.000000e+000  0.000000e+000  0.000000e+000  0.000000e+000  0.000000e+000  0.000000e+000  0.000000e+000  0.000000e+000  
0.000000e+000  0.000000e+000  0.000000e+000  0.000000e+000  0.000000e+000  0.000000e+000  0.000000e+000  0.000000e+000  0.000000e+000  0.000000e+000  0.000000e+000  0.000000e+000  0.000000e+000  0.000000e+000  
0.000000e+000  0.000000e+000  0.000000e+000  0.000000e+000  0.000000e+000  0.000000e+000  0.000000e+000  0.000000e+000  0.000000e+000  0.000000e+000  0.000000e+000  0.000000e+000  0.000000e+000  0.000000e+000  
0.000000e+000  0.000000e+000  0.000000e+000  0.000000e+000  0.000000e+000  0.000000e+000  0.000000e+000  0.000000e+000  0.000000e+000  0.000000e+000  0.000000e+000  0.000000e+000  0.000000e+000  0.000000e+000  
0.000000e+000  0.000000e+000  0.000000e+000  0.000000e+000  0.000000e+000  0.000000e+000  0.000000e+000  0.000000e+000  0.000000e+000  0.000000e+000  0.000000e+000  0.000000e+000  0.000000e+000  0.000000e+000  
0.000000e+000  0.000000e+000  0.000000e+000  0.000000e+000  0.000000e+000  0.000000e+000  0.000000e+000  0.000000e+000  0.000000e+000  0.000000e+000  0.000000e+000  0.000000e+000  0.000000e+000  0.000000e+000  
0.000000e+000  0.000000e+000  0.000000e+000  0.000000e+000  0.000000e+000  0.000000e+000  0.000000e+000  0.000000e+000  0.000000e+000  0.000000e+000  0.000000e+000  0.000000e+000  0.000000e+000  0.000000e+000  
0.000000e+000  0.000000e+000  0.000000e+000  0.000000e+000  0.000000e+000  0.000000e+000  0.000000e+000  0.000000e+000  0.000000e+000  0.000000e+000  0.000000e+000  0.000000e+000  0.000000e+000  0.000000e+000  
0.000000e+000  0.000000e+000  0.000000e+000  0.000000e+000  0.000000e+000  0.000000e+000  0.000000e+000  0.000000e+000  0.000000e+000  0.000000e+000  0.000000e+000  0.000000e+000  0.000000e+000  0.000000e+000  
0.000000e+000  0.000000e+000  0.000000e+000  0.000000e+000  0.000000e+000  0.000000e+000  0.000000e+000  0.000000e+000  0.000000e+000  0.000000e+000  0.000000e+000  0.000000e+000  0.000000e+000  0.000000e+000  
0.000000e+000  0.000000e+000  0.000000e+000  0.000000e+000  0.000000e+000  0.000000e+000  0.000000e+000  0.000000e+000  0.000000e+000  0.000000e+000  0.000000e+000  0.000000e+000  0.000000e+000  0.000000e+000  
0.000000e+000  0.000000e+000  0.000000e+000  0.000000e+000  0.000000e+000  0.000000e+000  0.000000e+000  0.000000e+000  0.000000e+000  0.000000e+000  0.000000e+000  0.000000e+000  0.000000e+000  0.000000e+000  
0.000000e+000  0.000000e+000  0.000000e+000  0.000000e+000  0.000000e+000  0.000000e+000  0.000000e+000  0.000000e+000  0.000000e+000  0.000000e+000  0.000000e+000  0.000000e+000  0.000000e+000  0.000000e+000  
0.000000e+000  0.000000e+000  0.000000e+000  0.000000e+000  0.000000e+000  0.000000e+000  0.000000e+000  0.000000e+000  0.000000e+000  0.000000e+000  0.000000e+000  0.000000e+000  0.000000e+000  0.000000e+000  
0.000000e+000  0.000000e+000  0.000000e+000  0.000000e+000  0.000000e+000  0.000000e+000  0.000000e+000  0.000000e+000  0.000000e+000  0.000000e+000  0.000000e+000  0.000000e+000  0.000000e+000  0.000000e+000  
0.000000e+000  0.000000e+000  0.000000e+000  0.000000e+000  0.000000e+000  0.000000e+000  0.000000e+000  0.000000e+000  0.000000e+000  0.000000e+000  0.000000e+000  0.000000e+000  0.000000e+000  0.000000e+000  
0.000000e+000  0.000000e+000  0.000000e+000  0.000000e+000  0.000000e+000  0.000000e+000  0.000000e+000  0.000000e+000  0.000000e+000  0.000000e+000  0.000000e+000  0.000000e+000  0.000000e+000  0.000000e+000  
0.000000e+000  0.000000e+000  0.000000e+000  0.000000e+000  0.000000e+000  0.000000e+000  0.000000e+000  0.000000e+000  0.000000e+000  0.000000e+000  0.000000e+000  0.000000e+000  0.000000e+000  0.000000e+000  
0.000000e+000  0.000000e+000  0.000000e+000  0.000000e+000  0.000000e+000  0.000000e+000  0.000000e+000  0.000000e+000  0.000000e+000  0.000000e+000  0.000000e+000  0.000000e+000  0.000000e+000  0.000000e+000  
0.000000e+000  0.000000e+000  0.000000e+000  0.000000e+000  0.000000e+000  0.000000e+000  0.000000e+000  0.000000e+000  0.000000e+000  0.000000e+000  0.000000e+000  0.000000e+000  0.000000e+000  0.000000e+000  
0.000000e+000  0.000000e+000  0.000000e+000  0.000000e+000  0.000000e+000  0.000000e+000  0.000000e+000  0.000000e+000  0.000000e+000  0.000000e+000  0.000000e+000  0.000000e+000  0.000000e+000  0.000000e+000  
0.000000e+000  0.000000e+000  0.000000e+000  0.000000e+000  0.000000e+000  0.000000e+000  0.000000e+000  0.000000e+000  0.000000e+000  0.000000e+000  0.000000e+000  0.000000e+000  0.000000e+000  0.000000e+000  

0.000000e+000  0.000000e+000  0.000000e+000  0.000000e+000  0.000000e+000  0.000000e+000  0.000000e+000  0.000000e+000  0.000000e+000  0.000000e+000  0.000000e+000  0.000000e+000  0.000000e+000  0.000000e+000  
0.000000e+000  0.000000e+000  0.000000e+000  0.000000e+000  0.000000e+000  0.000000e+000  0.000000e+000  0.000000e+000  0.000000e+000  0.000000e+000  0.000000e+000  0.000000e+000  0.000000e+000  0.000000e+000  
0.000000e+000  0.000000e+000  0.000000e+000  0.000000e+000  0.000000e+000  0.000000e+000  0.000000e+000  0.000000e+000  0.000000e+000  0.000000e+000  0.000000e+000  0.000000e+000  0.000000e+000  0.000000e+000  
0.000000e+000  0.000000e+000  0.000000e+000  0.000000e+000  0.000000e+000  0.000000e+000  0.000000e+000  0.000000e+000  0.000000e+000  0.000000e+000  0.000000e+000  0.000000e+000  0.000000e+000  0.000000e+000  
0.000000e+000  0.000000e+000  0.000000e+000  0.000000e+000  0.000000e+000  0.000000e+000  0.000000e+000  0.000000e+000  0.000000e+000  0.000000e+000  0.000000e+000  0.000000e+000  0.000000e+000  0.000000e+000  
0.000000e+000  0.000000e+000  0.000000e+000  0.000000e+000  0.000000e+000  0.000000e+000  0.000000e+000  0.000000e+000  0.000000e+000  0.000000e+000  0.000000e+000  0.000000e+000  0.000000e+000  0.000000e+000  
0.000000e+000  0.000000e+000  0.000000e+000  0.000000e+000  0.000000e+000  0.000000e+000  0.000000e+000  0.000000e+000  0.000000e+000  0.000000e+000  0.000000e+000  0.000000e+000  0.000000e+000  0.000000e+000  
0.000000e+000  0.000000e+000  0.000000e+000  0.000000e+000  0.000000e+000  0.000000e+000  0.000000e+000  0.000000e+000  0.000000e+000  0.000000e+000  0.000000e+000  0.000000e+000  0.000000e+000  0.000000e+000  
0.000000e+000  0.000000e+000  0.000000e+000  0.000000e+000  0.000000e+000  0.000000e+000  0.000000e+000  0.000000e+000  0.000000e+000  0.000000e+000  0.000000e+000  0.000000e+000  0.000000e+000  0.000000e+000  
0.000000e+000  0.000000e+000  0.000000e+000  0.000000e+000  0.000000e+000  0.000000e+000  0.000000e+000  0.000000e+000  0.000000e+000  0.000000e+000  0.000000e+000  0.000000e+000  0.000000e+000  0.000000e+000  
0.000000e+000  0.000000e+000  0.000000e+000  0.000000e+000  0.000000e+000  0.000000e+000  0.000000e+000  0.000000e+000  0.000000e+000  0.000000e+000  0.000000e+000  0.000000e+000  0.000000e+000  0.000000e+000  
0.000000e+000  0.000000e+000  0.000000e+000  0.000000e+000  0.000000e+000  0.000000e+000  0.000000e+000  0.000000e+000  0.000000e+000  0.000000e+000  0.000000e+000  0.000000e+000  0.000000e+000  0.000000e+000  
0.000000e+000  0.000000e+000  0.000000e+000  0.000000e+000  0.000000e+000  0.000000e+000  0.000000e+000  0.000000e+000  0.000000e+000  0.000000e+000  0.000000e+000  0.000000e+000  0.000000e+000  0.000000e+000  
0.000000e+000  0.000000e+000  0.000000e+000  0.000000e+000  0.000000e+000  0.000000e+000  0.000000e+000  0.000000e+000  0.000000e+000  0.000000e+000  0.000000e+000  0.000000e+000  0.000000e+000  0.000000e+000  
0.000000e+000  0.000000e+000  0.000000e+000  0.000000e+000  0.000000e+000  0.000000e+000  0.000000e+000  0.000000e+000  0.000000e+000  0.000000e+000  0.000000e+000  0.000000e+000  0.000000e+000  0.000000e+000  
0.000000e+000  0.000000e+000  0.000000e+000  0.000000e+000  0.000000e+000  0.000000e+000  0.000000e+000  0.000000e+000  0.000000e+000  0.000000e+000  0.000000e+000  0.000000e+000  0.000000e+000  0.000000e+000  
0.000000e+000  0.000000e+000  0.000000e+000  0.000000e+000  0.000000e+000  0.000000e+000  0.000000e+000  0.000000e+000  0.000000e+000  0.000000e+000  0.000000e+000  0.000000e+000  0.000000e+000  0.000000e+000  
0.000000e+000  0.000000e+000  0.000000e+000  0.000000e+000  0.000000e+000  0.000000e+000  0.000000e+000  0.000000e+000  0.000000e+000  0.000000e+000  0.000000e+000  0.000000e+000  0.000000e+000  0.000000e+000  
0.000000e+000  0.000000e+000  0.000000e+000  0.000000e+000  0.000000e+000  0.000000e+000  0.000000e+000  0.000000e+000  0.000000e+000  0.000000e+000  0.000000e+000  0.000000e+000  0.000000e+000  0.000000e+000  
0.000000e+000  0.000000e+000  0.000000e+000  0.000000e+000  0.000000e+000  0.000000e+000  0.000000e+000  0.000000e+000  0.000000e+000  0.000000e+000  0.000000e+000  0.000000e+000  0.000000e+000  0.000000e+000  
0.000000e+000  0.000000e+000  0.000000e+000  0.000000e+000  0.000000e+000  0.000000e+000  0.000000e+000  0.000000e+000  0.000000e+000  0.000000e+000  0.000000e+000  0.000000e+000  0.000000e+000  0.000000e+000  
0.000000e+000  0.000000e+000  0.000000e+000  0.000000e+000  0.000000e+000  0.000000e+000  0.000000e+000  0.000000e+000  0.000000e+000  0.000000e+000  0.000000e+000  0.000000e+000  0.000000e+000  0.000000e+000  
0.000000e+000  0.000000e+000  0.000000e+000  0.000000e+000  0.000000e+000  0.000000e+000  0.000000e+000  0.000000e+000  0.000000e+000  0.000000e+000  0.000000e+000  0.000000e+000  0.000000e+000  0.000000e+000  
0.000000e+000  0.000000e+000  0.000000e+000  0.000000e+000  0.000000e+000  0.000000e+000  0.000000e+000  0.000000e+000  0.000000e+000  0.000000e+000  0.000000e+000  0.000000e+000  0.000000e+000  0.000000e+000  
0.000000e+000  0.000000e+000  0.000000e+000  0.000000e+000  0.000000e+000  0.000000e+000  0.000000e+000  0.000000e+000  0.000000e+000  0.000000e+000  0.000000e+000  0.000000e+000  0.000000e+000  0.000000e+000  
0.000000e+000  0.000000e+000  0.000000e+000  0.000000e+000  0.000000e+000  0.000000e+000  0.000000e+000  0.000000e+000  0.000000e+000  0.000000e+000  0.000000e+000  0.000000e+000  0.000000e+000  0.000000e+000  
0.000000e+000  0.000000e+000  0.000000e+000  0.000000e+000  0.000000e+000  0.000000e+000  0.000000e+000  0.000000e+000  0.000000e+000  0.000000e+000  0.000000e+000  0.000000e+000  0.000000e+000  0.000000e+000  

0.000000e+000  0.000000e+000  0.000000e+000  0.000000e+000  0.000000e+000  0.000000e+000  0.000000e+000  0.000000e+000  0.000000e+000  0.000000e+000  0.000000e+000  0.000000e+000  0.000000e+000  0.000000e+000  
-1.032677e-002  -1.961454e-002  -4.484106e-002  -1.624766e-002  -4.764406e-003  0.000000e+000  0.000000e+000  0.000000e+000  0.000000e+000  0.000000e+000  0.000000e+000  0.000000e+000  0.000000e+000  0.000000e+000  
-1.204651e-002  -1.612393e-002  -1.930272e-002  -1.309376e-002  -7.378998e-003  -3.626370e-003  -2.089576e-003  -1.025041e-003  -2.581988e-004  0.000000e+000  0.000000e+000  0.000000e+000  0.000000e+000  0.000000e+000  
-9.987341e-003  -1.122340e-002  -1.116247e-002  -9.023580e-003  -6.356848e-003  -4.060642e-003  -2.876412e-003  -1.939956e-003  -1.213054e-003  -6.619665e-004  0.000000e+000  0.000000e+000  0.000000e+000  0.000000e+000  
-6.782081e-003  -7.160157e-003  -6.872808e-003  -5.931254e-003  -4.647677e-003  -3.364691e-003  -2.617544e-003  -1.970512e-003  -1.425977e-003  -9.777175e-004  -3.344941e-004  0.000000e+000  0.000000e+000  0.000000e+000  
-5.192040e-003  -5.490044e-003  -5.308663e-003  -4.723760e-003  -3.863408e-003  -2.934747e-003  -2.361420e-003  -1.843985e-003  -1.391977e-003  -1.006820e-003  -4.258272e-004  -4.504481e-005  0.000000e+000  0.000000e+000  
-3.543985e-003  -3.906658e-003  -3.903528e-003  -3.624818e-003  -3.106166e-003  -2.474110e-003  -2.055292e-003  -1.658917e-003  -1.298142e-003  -9.793913e-004  -4.723582e-004  -1.173821e-004  0.000000e+000  0.000000e+000  
-1.825306e-003  -2.371777e-003  -2.607134e-003  -2.620485e-003  -2.393670e-003  -2.012714e-003  -1.729075e-003  -1.441987e-003  -1.166697e-003  -9.129187e-004  -4.848583e-004  -1.659022e-004  0.000000e+000  0.000000e+000  
0.000000e+000  -8.470046e-004  -1.398464e-003  -1.710847e-003  -1.741917e-003  -1.572725e-003  -1.405952e-003  -1.214487e-003  -1.015995e-003  -8.225422e-004  -4.729299e-004  -1.968634e-004  0.000000e+000  0.000000e+000  
0.000000e+000  0.000000e+000  0.000000e+000  -4.793424e-004  -8.569659e-004  -9.542023e-004  -9.285333e-004  -8.576470e-004  -7.599841e-004  -6.490933e-004  -4.151559e-004  -2.077600e-004  -4.230882e-005  0.000000e+000  
0.000000e+000  0.000000e+000  0.000000e+000  0.000000e+000  -2.524013e-004  -4.940046e-004  -5.544919e-004  -5.622689e-004  -5.346204e-004  -4.843818e-004  -3.427939e-004  -1.952563e-004  -6.481287e-005  0.000000e+000  
0.000000e+000  0.000000e+000  0.000000e+000  0.000000e+000  0.000000e+000  -2.080828e-004  -3.013020e-004  -3.483896e-004  -3.614991e-004  -3.501713e-004  -2.744915e-004  -1.735997e-004  -7.268264e-005  0.000000e+000  
0.000000e+000  0.000000e+000  0.000000e+000  0.000000e+000  0.000000e+000  -6.549142e-005  -1.544903e-004  -2.130969e-004  -2.451203e-004  -2.552911e-004  -2.213637e-004  -1.526354e-004  -7.306511e-005  0.000000e+000  
0.000000e+000  0.000000e+000  0.000000e+000  0.000000e+000  0.000000e+000  0.000000e+000  -7.212610e-005  -1.272257e-004  -1.643537e-004  -1.844891e-004  -1.763974e-004  -1.307208e-004  -6.729099e-005  0.000000e+000  
0.000000e+000  0.000000e+000  0.000000e+000  0.000000e+000  0.000000e+000  -6.548468e-005  -1.544770e-004  -2.130845e-004  -2.451082e-004  -2.552810e-004  -2.213572e-004  -1.526320e-004  -7.306379e-005  0.000000e+000  
0.000000e+000  0.000000e+000  0.000000e+000  0.000000e+000  0.000000e+000  -2.080471e-004  -3.012687e-004  -3.483636e-004  -3.614776e-004  -3.501568e-004  -2.744831e-004  -1.735953e-004  -7.268117e-005  0.000000e+000  
0.000000e+000  0.000000e+000  0.000000e+000  0.000000e+000  -2.520422e-004  -4.938824e-004  -5.544262e-004  -5.622304e-004  -5.345954e-004  -4.843644e-004  -3.427849e-004  -1.952517e-004  -6.481192e-005  0.000000e+000  
0.000000e+000  0.000000e+000  0.000000e+000  -4.797590e-004  -8.569866e-004  -9.541747e-004  -9.285059e-004  -8.576236e-004  -7.599661e-004  -6.490799e-004  -4.151481e-004  -2.077565e-004  -4.230785e-005  0.000000e+000  
0.000000e+000  -8.470137e-004  -1.398508e-003  -1.710997e-003  -1.741970e-003  -1.572735e-003  -1.405949e-003  -1.214481e-003  -1.015987e-003  -8.225345e-004  -4.729256e-004  -1.968617e-004  0.000000e+000  0.000000e+000  
-1.825311e-003  -2.371792e-003  -2.607176e-003  -2.620569e-003  -2.393717e-003  -2.012730e-003  -1.729081e-003  -1.441985e-003  -1.166695e-003  -9.129147e-004  -4.848546e-004  -1.659007e-004  0.000000e+000  0.000000e+000  
-3.543990e-003  -3.906674e-003  -3.903560e-003  -3.624871e-003  -3.106202e-003  -2.474128e-003  -2.055300e-003  -1.658920e-003  -1.298142e-003  -9.793893e-004  -4.723569e-004  -1.173809e-004  0.000000e+000  0.000000e+000  
-5.192046e-003  -5.490058e-003  -5.308689e-003  -4.723792e-003  -3.863435e-003  -2.934761e-003  -2.361429e-003  -1.843992e-003  -1.391979e-003  -1.006821e-003  -4.258263e-004  -4.504757e-005  0.000000e+000  0.000000e+000  
-6.782085e-003  -7.160166e-003  -6.872823e-003  -5.931275e-003  -4.647694e-003  -3.364703e-003  -2.617553e-003  -1.970516e-003  -1.425981e-003  -9.777186e-004  -3.344936e-004  0.000000e+000  0.000000e+000  0.000000e+000  
-9.987339e-003  -1.122340e-002  -1.116247e-002  -9.023583e-003  -6.356853e-003  -4.060646e-003  -2.876416e-003  -1.939959e-003  -1.213056e-003  -6.619679e-004  0.000000e+000  0.000000e+000  0.000000e+000  0.000000e+000  
-1.204650e-002  -1.612391e-002  -1.930270e-002  -1.309374e-002  -7.378995e-003  -3.626370e-003  -2.089576e-003  -1.025041e-003  -2.581996e-004  0.000000e+000  0.000000e+000  0.000000e+000  0.000000e+000  0.000000e+000  
-1.032676e-002  -1.961451e-002  -4.484100e-002  -1.624764e-002  -4.764400e-003  0.000000e+000  0.000000e+000  0.000000e+000  0.000000e+000  0.000000e+000  0.000000e+000  0.000000e+000  0.000000e+000  0.000000e+000  
0.000000e+000  0.000000e+000  0.000000e+000  0.000000e+000  0.000000e+000  0.000000e+000  0.000000e+000  0.000000e+000  0.000000e+000  0.000000e+000  0.000000e+000  0.000000e+000  0.000000e+000  0.000000e+000  

